0.008238
0.009588
0.009816
0.008524
----------------------------------------------
0.007012
0.010279
0.009038
0.010783
----------------------------------------------
0.007881
0.009950
0.010834
0.011955
----------------------------------------------
0.010539
0.008731
0.014585
0.013038
----------------------------------------------
0.011604
0.012114
0.008842
0.012760
----------------------------------------------
0.011231
0.013049
0.011594
0.014770
----------------------------------------------
0.012468
0.015924
0.010273
0.013933
----------------------------------------------
0.010571
0.013938
0.016369
0.014658
----------------------------------------------
0.036745
0.015277
0.015733
0.014915
----------------------------------------------
0.014255
0.019301
0.016672
0.011263
----------------------------------------------
0.009582
0.018122
0.020586
0.010138
----------------------------------------------
0.009689
0.010183
0.019004
0.018206
----------------------------------------------
0.016009
0.017657
0.022985
0.018945
----------------------------------------------
0.014477
0.017929
0.013474
0.020523
----------------------------------------------
0.016547
0.018101
0.019226
0.019773
----------------------------------------------
====================================================
0.007305
0.007410
0.008710
0.007379
----------------------------------------------
0.006657
0.008010
0.008644
0.007093
----------------------------------------------
0.004942
0.007524
0.008381
0.008698
----------------------------------------------
0.006195
0.009179
0.010068
0.008350
----------------------------------------------
0.007562
0.009223
0.008968
0.007886
----------------------------------------------
0.007589
0.007529
0.007906
0.008282
----------------------------------------------
0.007480
0.009554
0.008465
0.008378
----------------------------------------------
0.009504
0.010721
0.008322
0.009836
----------------------------------------------
0.008877
0.009917
0.008186
0.011510
----------------------------------------------
0.010673
0.010138
0.007329
0.009506
----------------------------------------------
0.007882
0.007557
3.371556
0.014679
----------------------------------------------
0.007984
0.009438
0.009733
0.010718
----------------------------------------------
0.009162
0.010695
0.010070
0.010789
----------------------------------------------
0.010656
0.011338
0.010331
0.010717
----------------------------------------------
0.009078
0.012866
0.008727
0.010650
----------------------------------------------
====================================================
0.018507
0.018025
0.016685
0.018253
----------------------------------------------
0.016843
0.018501
0.018199
0.018485
----------------------------------------------
0.012783
0.018579
0.016116
0.021065
----------------------------------------------
0.020888
0.020506
0.023886
0.023381
----------------------------------------------
0.023102
0.021444
0.027195
0.030890
----------------------------------------------
0.020448
0.020404
0.014760
0.025624
----------------------------------------------
0.025614
0.030710
0.022458
0.028925
----------------------------------------------
0.023235
0.023107
0.017306
0.026155
----------------------------------------------
0.021742
0.022097
0.023574
0.023077
----------------------------------------------
0.031019
0.024779
0.033021
0.042470
----------------------------------------------
0.017953
0.026951
0.024693
0.029481
----------------------------------------------
0.018748
0.026394
0.021630
0.036548
----------------------------------------------
0.022867
0.025370
0.028165
0.030158
----------------------------------------------
0.028994
0.024327
0.026869
0.027226
----------------------------------------------
0.031014
0.036593
0.019691
0.027033
----------------------------------------------
