0.017524
0.024304
0.064792
0.031483
----------------------------------------------
0.019984
0.030956
0.029243
0.039659
----------------------------------------------
0.020206
0.023631
0.024825
0.028543
----------------------------------------------
0.024086
0.022926
0.029475
0.031126
----------------------------------------------
0.029126
0.074321
0.035466
0.030418
----------------------------------------------
0.023675
0.035083
0.038340
0.029147
----------------------------------------------
0.031974
0.034246
0.041143
0.037262
----------------------------------------------
0.031283
0.032763
0.052707
0.036794
----------------------------------------------
0.026716
0.032032
0.036316
0.042138
----------------------------------------------
0.024742
0.029247
0.053505
0.092980
----------------------------------------------
0.029449
0.033423
0.043261
0.044575
----------------------------------------------
0.030713
0.035306
0.043713
0.043474
----------------------------------------------
0.032661
0.046230
0.098082
0.039121
----------------------------------------------
0.027037
0.033132
0.036404
0.044137
----------------------------------------------
0.033019
0.040591
0.041986
0.038984
----------------------------------------------
====================================================
0.014359
0.016832
0.016815
0.025477
----------------------------------------------
0.016989
0.014822
0.014543
0.015908
----------------------------------------------
0.011757
0.017474
0.012576
0.017706
----------------------------------------------
0.094365
0.016923
0.015325
0.024057
----------------------------------------------
0.021128
0.017228
0.021487
0.020818
----------------------------------------------
0.018121
0.020427
0.020628
0.021737
----------------------------------------------
0.022299
0.021283
0.024754
0.032916
----------------------------------------------
0.027885
0.018861
0.021696
0.025740
----------------------------------------------
0.027432
0.023985
0.028872
0.032499
----------------------------------------------
0.029052
0.031926
0.034912
0.042685
----------------------------------------------
0.028204
0.052518
0.037998
0.031113
----------------------------------------------
0.023930
0.040108
0.019052
0.035929
----------------------------------------------
0.051060
0.053084
0.045341
0.032319
----------------------------------------------
0.037102
0.039966
0.042882
0.049696
----------------------------------------------
0.042394
0.034606
0.037342
0.033142
----------------------------------------------
====================================================
0.046728
0.048262
0.061398
0.055353
----------------------------------------------
0.046017
0.051375
0.053090
0.064558
----------------------------------------------
0.066488
0.049545
0.047552
0.063475
----------------------------------------------
0.051604
0.049477
0.048285
0.062248
----------------------------------------------
0.049059
0.052221
0.049622
0.059449
----------------------------------------------
0.051296
0.053003
0.060597
0.065037
----------------------------------------------
0.049422
0.054741
0.051345
0.062278
----------------------------------------------
0.047040
0.060122
0.052129
0.067851
----------------------------------------------
0.051850
0.058856
0.049542
0.081306
----------------------------------------------
0.050710
0.061697
0.072862
0.085864
----------------------------------------------
0.058345
0.064228
9.272808
0.077176
----------------------------------------------
0.054688
0.057607
0.051837
0.085875
----------------------------------------------
0.054712
0.071942
0.062582
0.076240
----------------------------------------------
0.051442
0.064631
0.060600
0.074927
----------------------------------------------
0.052629
0.064723
0.062677
0.066180
----------------------------------------------
