0.009455
0.035698
----------------------------------------------
0.008621
0.032991
----------------------------------------------
0.007957
0.037089
----------------------------------------------
0.010380
0.043405
----------------------------------------------
0.011800
0.061869
----------------------------------------------
0.011742
0.054938
----------------------------------------------
0.012246
0.063302
----------------------------------------------
0.011262
0.075205
----------------------------------------------
0.009001
0.060316
----------------------------------------------
0.012228
0.075970
----------------------------------------------
0.011347
0.095068
----------------------------------------------
0.011894
0.094934
----------------------------------------------
0.014311
0.087557
----------------------------------------------
0.012655
0.113642
----------------------------------------------
0.013762
0.093353
----------------------------------------------
====================================================
0.016528
0.048325
----------------------------------------------
0.016490
0.053626
----------------------------------------------
0.015785
0.055628
----------------------------------------------
0.017273
0.086043
----------------------------------------------
0.014798
0.091526
----------------------------------------------
0.015744
0.080442
----------------------------------------------
0.015808
0.110494
----------------------------------------------
0.015841
0.090328
----------------------------------------------
0.016438
0.113387
----------------------------------------------
0.016976
0.134904
----------------------------------------------
0.018933
0.135325
----------------------------------------------
0.016985
0.130525
----------------------------------------------
0.022508
0.120646
----------------------------------------------
0.019915
0.153353
----------------------------------------------
0.018078
0.142217
----------------------------------------------
====================================================
0.033201
0.144141
----------------------------------------------
0.032723
0.137249
----------------------------------------------
0.033400
0.105103
----------------------------------------------
0.032498
0.147526
----------------------------------------------
0.033182
0.193599
----------------------------------------------
0.034078
0.193182
----------------------------------------------
0.035061
0.243475
----------------------------------------------
0.035641
0.234674
----------------------------------------------
0.035196
0.248477
----------------------------------------------
0.037192
0.287626
----------------------------------------------
0.039249
0.216924
----------------------------------------------
0.036857
0.274914
----------------------------------------------
0.042578
0.244344
----------------------------------------------
0.036993
0.314375
----------------------------------------------
0.037148
0.254478
----------------------------------------------
