************  Using CILK ************
make: 'BFS' is up to date.
make: 'SSSP' is up to date.
make: 'SSWP' is up to date.
make: 'SSNP' is up to date.
BFS start
0.058797
0.059927
0.061028
0.061314
0.059214
----------------------------------------------
0.114769
0.110544
0.114694
0.126549
0.115610
----------------------------------------------
0.197022
0.205680
0.211384
0.205498
0.202076
----------------------------------------------
0.318513
0.307563
0.310831
0.320379
0.329196
----------------------------------------------
0.480731
0.478735
0.466545
0.467311
0.473601
----------------------------------------------
0.653187
0.699617
0.644126
0.657748
0.667604
----------------------------------------------
0.859941
0.861872
0.881456
0.872321
0.873541
----------------------------------------------
1.140989
1.162469
1.093621
1.123369
1.144922
----------------------------------------------
1.394968
1.418808
1.409323
1.400110
1.421937
----------------------------------------------
1.739452
1.737510
1.713125
1.755432
1.733117
----------------------------------------------
2.106721
2.074084
2.089863
2.105470
2.078834
----------------------------------------------
2.477388
2.498325
2.475885
2.471399
2.464688
----------------------------------------------
2.860658
2.942584
2.939864
3.019996
2.915246
----------------------------------------------
3.398633
3.399969
3.353247
3.340552
3.406868
----------------------------------------------
3.846167
3.813675
3.821513
3.819668
3.828152
----------------------------------------------
SSSP start
0.060804
0.062308
0.060472
0.060167
0.063099
----------------------------------------------
0.124407
0.127066
0.118458
0.113953
0.112671
----------------------------------------------
0.200257
0.194388
0.211903
0.203710
0.198831
----------------------------------------------
0.322067
0.324571
0.318043
0.332726
0.333559
----------------------------------------------
0.482027
0.487602
0.465743
0.496228
0.470345
----------------------------------------------
0.660384
0.655224
0.663130
0.681558
0.658089
----------------------------------------------
0.887603
0.869320
0.888063
0.945834
0.875750
----------------------------------------------
1.142664
1.144634
1.119942
1.121899
1.140500
----------------------------------------------
1.409041
1.422985
1.416130
1.464873
1.438093
----------------------------------------------
1.739994
1.758922
1.748278
1.723673
1.735513
----------------------------------------------
2.075887
2.255532
2.116749
2.114029
2.104361
----------------------------------------------
2.461700
2.479789
2.465609
2.496776
2.447574
----------------------------------------------
2.982049
2.960720
2.929630
2.953386
2.963169
----------------------------------------------
3.374116
3.435852
3.373532
3.341192
3.372974
----------------------------------------------
3.874313
3.867265
3.823330
3.841300
3.897701
----------------------------------------------
SSWP start
0.061670
0.062505
0.061398
0.059863
0.060567
----------------------------------------------
0.112879
0.120771
0.121023
0.110717
0.124900
----------------------------------------------
0.204109
0.192890
0.221977
0.196801
0.202238
----------------------------------------------
0.318198
0.327716
0.324433
0.318798
0.321560
----------------------------------------------
0.467612
0.454135
0.466599
0.466583
0.464056
----------------------------------------------
0.635846
0.689962
0.669200
0.654365
0.652765
----------------------------------------------
0.872074
0.858810
0.868521
0.870839
0.871327
----------------------------------------------
1.090768
1.082681
1.099485
1.111124
1.135865
----------------------------------------------
1.378754
1.394077
1.439974
1.390929
1.383466
----------------------------------------------
1.657062
1.717525
1.679964
1.705877
1.741939
----------------------------------------------
2.054150
2.049537
2.022162
2.066041
2.124386
----------------------------------------------
2.396265
2.422667
2.420138
2.408554
2.421410
----------------------------------------------
2.846708
2.815737
2.890906
2.908758
2.890595
----------------------------------------------
3.330996
3.289617
3.288656
3.359318
3.266395
----------------------------------------------
3.631382
3.869075
3.784937
3.783289
3.780106
----------------------------------------------
SSNP start
0.062067
0.061367
0.063192
0.063279
0.060211
----------------------------------------------
0.109208
0.112555
0.113048
0.110463
0.110721
----------------------------------------------
0.199542
0.194912
0.204225
0.207383
0.209087
----------------------------------------------
0.327822
0.312811
0.305436
0.326346
0.302452
----------------------------------------------
0.472048
0.460588
0.489864
0.463548
0.469845
----------------------------------------------
0.656683
0.641955
0.635970
0.626541
0.648994
----------------------------------------------
0.884826
0.896880
0.866623
0.871554
0.864321
----------------------------------------------
1.169321
1.115595
1.135078
1.162487
1.101356
----------------------------------------------
1.373078
1.361773
1.356243
1.363469
1.360169
----------------------------------------------
1.706739
1.704698
1.715486
1.686147
1.690536
----------------------------------------------
2.023741
2.025554
2.011636
2.070037
2.043172
----------------------------------------------
2.396523
2.431364
2.417759
2.411545
2.398137
----------------------------------------------
2.830977
2.857680
2.827657
2.824336
2.897672
----------------------------------------------
3.279291
3.279951
3.245541
3.278399
3.298588
----------------------------------------------
3.818250
3.780324
4.037172
3.754499
3.810297
----------------------------------------------
