BFS start
0.055354
0.082978
0.071380
0.069278
0.066467
----------------------------------------------
0.149410
0.135162
0.141707
0.159195
0.141226
----------------------------------------------
0.259491
0.251106
0.352479
0.265360
0.258799
----------------------------------------------
0.440995
0.407254
0.412684
0.420418
0.412729
----------------------------------------------
0.637801
0.623324
0.627741
0.586598
0.579486
----------------------------------------------
0.801955
0.803440
0.865401
0.800393
0.814838
----------------------------------------------
1.083494
1.048621
1.023573
1.027326
1.077608
----------------------------------------------
1.278011
1.359568
1.276259
1.307917
1.355091
----------------------------------------------
1.618403
1.585790
1.665819
1.635516
1.608128
----------------------------------------------
2.033848
1.969271
2.066908
1.977745
1.922558
----------------------------------------------
2.304763
2.289368
2.309828
2.334908
2.515929
----------------------------------------------
2.675320
2.717303
2.674238
2.913681
3.795654
----------------------------------------------
3.033086
3.133832
3.592250
3.044105
3.193584
----------------------------------------------
3.562062
3.483130
3.509916
3.524690
3.651900
----------------------------------------------
4.116692
4.068157
4.043789
3.911311
4.089694
----------------------------------------------
SSSP start
0.087101
0.082376
0.089558
0.089709
0.154419
----------------------------------------------
0.194834
0.203937
0.219826
0.206770
0.221628
----------------------------------------------
0.363231
0.412604
0.376691
0.375493
0.360670
----------------------------------------------
0.615187
0.573272
0.591606
0.628026
0.603514
----------------------------------------------
0.900218
0.913276
0.856475
0.943873
0.884014
----------------------------------------------
1.268466
1.252836
1.227641
1.227726
1.204918
----------------------------------------------
1.617695
1.571781
1.608807
1.770871
1.654905
----------------------------------------------
1.962363
2.005133
1.919396
2.126514
1.991725
----------------------------------------------
2.426541
2.474478
2.428407
2.351339
2.470336
----------------------------------------------
2.924390
2.924843
2.897092
2.855722
2.851653
----------------------------------------------
3.395625
3.410723
3.675616
3.504610
4.537690
----------------------------------------------
3.981673
4.032501
4.163256
4.119179
4.040722
----------------------------------------------
4.808780
4.753332
4.644691
4.727130
4.761462
----------------------------------------------
5.279113
5.329557
5.292775
5.415944
5.298734
----------------------------------------------
6.085713
5.869497
6.439056
5.930963
6.266471
----------------------------------------------
SSWP start
0.082460
0.079226
0.092961
0.081961
0.073427
----------------------------------------------
0.228808
0.190778
0.184994
0.201207
0.208102
----------------------------------------------
0.349533
0.385572
0.345914
0.361205
0.359402
----------------------------------------------
0.575346
0.608801
0.552372
0.580339
0.664045
----------------------------------------------
0.812756
0.843291
0.834475
0.818826
0.813446
----------------------------------------------
1.159754
1.093639
1.129585
1.169715
1.102497
----------------------------------------------
1.493457
1.484237
1.483935
1.491123
1.559141
----------------------------------------------
1.918236
1.854477
1.838403
1.875788
1.885803
----------------------------------------------
2.285558
2.393999
2.282091
2.434423
2.263204
----------------------------------------------
2.882593
2.781029
2.769735
2.737666
2.858686
----------------------------------------------
3.297394
3.262255
3.326587
3.383752
3.293225
----------------------------------------------
4.129487
3.870628
3.930880
3.972388
3.759305
----------------------------------------------
4.967073
4.268374
4.415048
4.471827
4.353583
----------------------------------------------
5.135783
5.073578
5.233165
6.442856
5.072848
----------------------------------------------
5.667728
5.684690
5.605213
5.646842
5.665753
----------------------------------------------
SSNP start
0.081877
0.086894
0.082728
0.070942
0.082325
----------------------------------------------
0.197936
0.191607
0.218176
0.191886
0.199558
----------------------------------------------
0.342335
0.365272
0.350097
0.372736
0.365660
----------------------------------------------
0.574108
0.577080
0.613710
0.575597
0.572816
----------------------------------------------
0.801734
0.845900
0.835341
0.807635
0.843789
----------------------------------------------
1.168090
1.152774
1.162147
1.091962
1.175361
----------------------------------------------
1.474362
1.505875
1.487558
1.494294
1.426122
----------------------------------------------
1.915320
1.894828
1.797475
1.951188
1.893765
----------------------------------------------
2.325100
2.282887
2.277365
2.333562
2.233602
----------------------------------------------
2.802280
2.804369
2.834431
2.651130
2.856650
----------------------------------------------
3.196175
3.297719
3.435649
3.253998
3.349922
----------------------------------------------
3.856198
5.044807
3.795388
3.996810
3.978460
----------------------------------------------
5.022268
4.389768
4.466307
4.678862
4.419163
----------------------------------------------
5.047000
4.993976
5.325967
4.960887
5.439120
----------------------------------------------
5.687479
5.891946
5.825066
5.773264
5.691435
----------------------------------------------
