************  Using CILK ************
make: 'BFS' is up to date.
make: 'SSSP' is up to date.
make: 'SSWP' is up to date.
make: 'SSNP' is up to date.
BFS start
0.031579
0.037078
0.038144
0.030843
0.037068
----------------------------------------------
0.062523
0.066318
0.063346
0.064016
0.063930
----------------------------------------------
0.106963
0.103681
0.105311
0.105433
0.106239
----------------------------------------------
0.163337
0.164068
0.167361
0.166331
0.161638
----------------------------------------------
1.195624
0.239013
0.234707
0.233214
0.238840
----------------------------------------------
0.326033
0.325826
0.328970
0.320005
0.328209
----------------------------------------------
0.421608
0.433446
0.420635
0.429178
0.432395
----------------------------------------------
0.546997
0.544452
0.553338
0.555221
0.557021
----------------------------------------------
0.709470
0.695371
0.697549
0.684883
0.684852
----------------------------------------------
0.842592
0.844010
0.835731
0.835448
0.838708
----------------------------------------------
1.081401
1.005131
1.009197
0.999457
1.013048
----------------------------------------------
1.233068
1.185255
1.215978
1.280988
1.194017
----------------------------------------------
1.403538
1.410359
1.391064
1.389260
1.398533
----------------------------------------------
1.628629
1.608324
1.634659
1.654467
1.638593
----------------------------------------------
1.865475
1.877072
1.895082
1.861420
1.899180
----------------------------------------------
SSSP start
0.038018
0.031916
0.038521
0.039734
0.038667
----------------------------------------------
0.062737
0.062717
0.062810
0.064690
0.063634
----------------------------------------------
0.105363
0.104189
0.103523
0.104435
0.103759
----------------------------------------------
0.159571
0.163563
0.162549
0.162189
0.169843
----------------------------------------------
0.240193
0.237522
0.233800
0.235163
0.235338
----------------------------------------------
0.322471
0.324210
0.321909
0.325931
0.337622
----------------------------------------------
0.435765
0.432841
0.431900
0.429740
0.424991
----------------------------------------------
0.554479
0.550490
0.541278
0.554868
0.550826
----------------------------------------------
0.720781
0.687798
0.691195
0.686015
0.680736
----------------------------------------------
0.856318
0.833452
0.837913
0.847188
0.849788
----------------------------------------------
1.045363
1.019821
1.031237
1.010210
1.013522
----------------------------------------------
1.199748
1.191151
1.189864
1.201208
1.205235
----------------------------------------------
1.393338
1.398825
1.418268
1.391927
1.419349
----------------------------------------------
1.645225
1.615842
1.633824
1.630656
1.633063
----------------------------------------------
1.899409
1.874812
2.842612
1.866387
1.876569
----------------------------------------------
SSWP start
0.038388
0.038172
0.037692
0.037891
0.038378
----------------------------------------------
0.063396
0.065311
0.062581
0.071055
0.062919
----------------------------------------------
0.101301
0.105136
0.101258
0.102792
0.106511
----------------------------------------------
0.157393
0.152186
0.153759
0.160480
0.158040
----------------------------------------------
0.226867
0.230285
0.230963
0.226313
0.228791
----------------------------------------------
0.310857
0.313848
0.309373
0.317812
0.314085
----------------------------------------------
0.410528
0.407739
0.417529
0.415259
0.422760
----------------------------------------------
0.536095
0.536656
0.527353
0.526452
0.535279
----------------------------------------------
0.658285
0.664951
0.687229
0.664628
0.663473
----------------------------------------------
0.806597
0.819954
0.813093
0.812090
0.814118
----------------------------------------------
0.986731
0.989968
0.976664
0.976049
0.984208
----------------------------------------------
1.155293
1.157045
1.147901
1.160310
1.172974
----------------------------------------------
1.359879
1.355724
1.360598
1.355848
1.365969
----------------------------------------------
1.589496
1.617323
1.584530
1.590480
1.577280
----------------------------------------------
1.812382
1.813716
1.811403
1.820837
1.788795
----------------------------------------------
SSNP start
0.031759
0.038165
0.045443
0.037991
0.036927
----------------------------------------------
0.063419
0.064587
0.061016
0.073176
0.064445
----------------------------------------------
0.102351
0.105866
0.103484
0.110493
0.102810
----------------------------------------------
0.156417
0.155993
0.160436
0.158283
0.157239
----------------------------------------------
0.225392
0.228142
0.224741
0.244939
0.225254
----------------------------------------------
0.311542
0.311417
0.318557
0.318212
0.308435
----------------------------------------------
0.426222
0.411570
0.447359
0.418081
0.423671
----------------------------------------------
0.537541
0.527911
0.537917
0.537815
0.531239
----------------------------------------------
0.667975
0.677460
0.669973
0.673091
0.659932
----------------------------------------------
0.818918
0.805191
0.822820
0.821502
0.818154
----------------------------------------------
0.972683
0.964867
1.003052
0.984941
0.981830
----------------------------------------------
1.168092
1.168429
1.173090
1.170324
1.152265
----------------------------------------------
1.361639
1.362226
1.341942
1.365558
1.364340
----------------------------------------------
1.599394
1.608324
1.596502
1.590114
1.604774
----------------------------------------------
1.815915
1.817058
1.801490
1.821295
1.802783
----------------------------------------------
