BFS start
0.097505
0.087299
0.452757
0.427431
0.088534
----------------------------------------------
0.289555
0.323161
0.326045
0.572710
0.384553
----------------------------------------------
0.575140
0.520017
0.543533
0.585327
0.554838
----------------------------------------------
0.975262
0.858640
0.960469
0.884273
0.962370
----------------------------------------------
1.324123
1.992585
1.310412
1.940805
1.390856
----------------------------------------------
2.079352
2.843716
1.946176
2.222400
1.959818
----------------------------------------------
2.672016
2.712649
2.527278
2.712783
2.673158
----------------------------------------------
3.528904
4.334812
3.574566
3.960557
3.654894
----------------------------------------------
5.402428
4.854391
4.501327
4.332735
4.450499
----------------------------------------------
5.168064
5.986200
6.222571
5.364017
5.213648
----------------------------------------------
6.192333
6.275330
6.618940
6.639188
6.313384
----------------------------------------------
8.096927
8.420893
7.450132
7.167137
7.322298
----------------------------------------------
9.930454
8.766882
8.826414
9.142199
10.195458
----------------------------------------------
11.376099
10.558404
9.992090
10.260638
10.199654
----------------------------------------------
11.759090
12.621949
11.560248
12.332690
11.609673
----------------------------------------------
SSSP start
0.141025
0.115053
0.106393
0.111885
0.100438
----------------------------------------------
0.328801
0.318039
0.461619
0.327042
0.479241
----------------------------------------------
0.695409
0.707858
0.827661
1.346698
1.307238
----------------------------------------------
1.291158
1.844710
1.259578
1.468542
1.332288
----------------------------------------------
2.350534
1.817128
2.242778
2.499023
2.516246
----------------------------------------------
2.635919
1.929746
2.784206
3.359652
2.617031
----------------------------------------------
3.279825
4.282367
3.420590
3.895819
3.492531
----------------------------------------------
4.420843
5.371954
6.445635
5.090667
4.448906
----------------------------------------------
5.595318
5.638965
6.049612
5.763425
5.617937
----------------------------------------------
7.522123
6.691012
6.845669
6.726398
6.971353
----------------------------------------------
8.976173
8.280786
10.292582
8.772112
8.127496
----------------------------------------------
9.578206
9.730743
9.678485
9.809009
10.725563
----------------------------------------------
12.555948
11.430729
12.937347
11.072384
11.889004
----------------------------------------------
13.916244
13.359398
13.917342
13.469910
12.913331
----------------------------------------------
16.147557
15.163148
15.108906
15.487083
15.603788
----------------------------------------------
SSWP start
0.117762
0.090298
0.126761
0.122785
0.102927
----------------------------------------------
0.352737
0.346312
0.300831
0.375695
0.298858
----------------------------------------------
0.635284
0.595720
0.595829
0.627211
0.556455
----------------------------------------------
0.936641
0.955736
1.005077
0.959884
1.227571
----------------------------------------------
1.681139
2.372211
1.908642
1.568953
2.129253
----------------------------------------------
2.963065
2.538909
2.932887
2.107598
2.075487
----------------------------------------------
3.407428
2.964367
3.393242
3.729872
2.762258
----------------------------------------------
3.954984
4.513468
3.630347
3.659429
3.704442
----------------------------------------------
5.384188
5.474254
4.683877
4.999902
5.051154
----------------------------------------------
6.055728
5.736967
8.009655
6.059247
6.044009
----------------------------------------------
7.022157
7.560909
7.217375
6.982469
8.445020
----------------------------------------------
3099.821504
8.636969
8.197478
9.290566
8.341907
----------------------------------------------
10.506975
10.413619
9.881181
10.709600
10.593067
----------------------------------------------
12.696444
12.658935
11.297401
11.131651
11.300769
----------------------------------------------
12.574571
13.694442
13.402328
13.114978
13.008324
----------------------------------------------
SSNP start
0.114800
0.123457
0.273902
0.110616
0.100973
----------------------------------------------
0.368915
0.542017
0.533577
0.391047
0.321669
----------------------------------------------
0.682588
0.744442
0.804278
0.659365
0.681328
----------------------------------------------
1.311451
1.525723
1.241078
1.149150
1.759575
----------------------------------------------
1.817958
1.798300
1.732931
1.752571
1.820875
----------------------------------------------
3.217535
2.579371
2.516190
3.328565
2.656805
----------------------------------------------
4.378400
3.394758
3.777765
3.407918
3.482586
----------------------------------------------
4.483603
5.735966
5.092260
4.367427
4.384761
----------------------------------------------
5.621123
5.957985
5.536060
5.388837
6.496252
----------------------------------------------
6.844023
7.222033
7.055258
6.989755
7.708367
----------------------------------------------
9.272934
8.276026
8.154339
9.043331
8.375736
----------------------------------------------
10.167767
13.288523
10.583717
9.869715
9.765204
----------------------------------------------
11.925874
11.620376
11.765020
11.420019
12.868789
----------------------------------------------
13.340917
14.072329
13.535371
13.525785
13.799957
----------------------------------------------
15.425330
15.929557
15.867421
16.686246
16.126110
----------------------------------------------
