BFS start
0.013587
0.015047
0.012707
0.012550
0.012673
----------------------------------------------
0.027074
0.025438
0.025722
0.025554
0.025467
----------------------------------------------
0.056196
0.050090
0.044916
0.054203
0.043589
----------------------------------------------
0.080303
0.071943
0.069690
0.071417
0.068576
----------------------------------------------
0.104983
0.105985
0.105150
0.103202
0.109034
----------------------------------------------
0.142911
0.146787
0.171350
0.145568
0.155216
----------------------------------------------
0.216299
0.189851
0.193017
0.281824
0.198702
----------------------------------------------
0.237908
0.242540
0.249181
0.249880
0.241122
----------------------------------------------
0.309347
0.307072
0.305932
0.299492
0.316189
----------------------------------------------
0.424146
0.372011
0.414012
0.376553
0.407322
----------------------------------------------
0.434899
0.576046
0.471334
0.446897
0.453403
----------------------------------------------
0.532718
0.604574
0.520756
0.532965
0.611055
----------------------------------------------
0.713278
0.609211
0.616340
0.616493
0.631144
----------------------------------------------
0.714035
0.717568
0.731221
0.723333
0.806844
----------------------------------------------
0.865718
0.878095
0.813881
0.817255
0.830814
----------------------------------------------
SSSP start
0.025157
0.023508
0.028362
0.025051
0.026584
----------------------------------------------
0.067273
0.066092
0.063763
0.062114
0.065701
----------------------------------------------
0.129995
0.117384
0.121781
0.124978
0.119791
----------------------------------------------
0.212511
0.198805
0.210419
0.207081
0.220420
----------------------------------------------
0.312578
0.320899
0.303847
0.332038
0.310556
----------------------------------------------
0.457748
0.438437
0.443345
0.424342
0.421937
----------------------------------------------
0.581761
0.579337
0.585347
0.573321
0.646841
----------------------------------------------
0.795640
0.738729
0.732570
0.718339
0.737645
----------------------------------------------
0.915805
0.908312
0.929864
0.927468
0.921354
----------------------------------------------
1.127475
1.191191
1.110209
1.131679
1.121854
----------------------------------------------
1.351505
1.370314
1.379344
1.365753
1.403304
----------------------------------------------
1.620457
1.679069
1.619977
1.740853
1.647170
----------------------------------------------
1.963576
1.909386
1.879711
1.914115
1.875408
----------------------------------------------
2.166536
2.146367
2.132245
2.796307
2.221352
----------------------------------------------
2.524364
2.505503
2.508005
2.441008
2.532280
----------------------------------------------
SSWP start
0.020031
0.020446
0.019410
0.020998
0.022747
----------------------------------------------
0.054763
0.055376
0.057168
0.052062
0.052953
----------------------------------------------
0.100101
0.098391
0.102538
0.107170
0.098427
----------------------------------------------
0.171915
0.176200
0.172542
0.167149
0.171080
----------------------------------------------
0.246252
0.255879
0.262398
0.282930
0.355828
----------------------------------------------
0.350194
0.351284
0.349255
0.361819
0.469639
----------------------------------------------
0.474285
0.491023
0.477717
0.478054
0.460588
----------------------------------------------
0.605347
0.645615
0.608102
0.610231
0.626048
----------------------------------------------
0.746066
0.788982
0.777360
0.789331
0.743570
----------------------------------------------
0.943930
0.927346
0.944307
0.948457
0.939507
----------------------------------------------
1.240893
1.115971
1.147197
1.101458
1.238918
----------------------------------------------
1.333468
1.455963
1.313345
1.333265
3.821153
----------------------------------------------
1.555706
1.558390
1.614429
1.425727
1.572834
----------------------------------------------
1.766825
1.790300
1.774409
1.850176
1.763916
----------------------------------------------
2.036809
2.047731
5.043798
2.070009
2.030122
----------------------------------------------
SSNP start
0.028416
0.028850
0.031228
0.034100
0.030722
----------------------------------------------
0.077710
0.082934
0.078383
0.077637
0.085037
----------------------------------------------
0.157903
0.152023
0.160139
0.157090
0.163450
----------------------------------------------
0.258374
0.262176
0.268284
0.263325
0.265202
----------------------------------------------
0.393580
0.390535
0.385151
0.400264
0.383762
----------------------------------------------
0.557027
0.544665
0.544935
0.546046
0.543120
----------------------------------------------
0.763422
0.735911
0.734643
0.728198
0.755053
----------------------------------------------
0.961036
1.091555
0.954223
0.971704
0.923313
----------------------------------------------
1.190588
1.599653
1.182751
1.204465
1.179771
----------------------------------------------
1.754313
1.464639
1.481368
1.469864
1.512024
----------------------------------------------
1.753915
1.733820
1.740577
1.728122
1.732697
----------------------------------------------
2.105430
3.186524
2.123345
2.075006
2.082702
----------------------------------------------
2.381093
2.413272
2.450780
2.422256
2.376554
----------------------------------------------
2.789414
3.059102
2.765385
2.805758
2.768698
----------------------------------------------
3.787154
3.353855
3.447854
3.197049
3.235171
----------------------------------------------
