LJ start
batch number is 35000
0.062896
batch number is 35000
0.071934
batch number is 35000
0.079898
batch number is 35000
0.086524
batch number is 35000
0.067964
----------------------------------------------
batch number is 70000
0.092108
batch number is 70000
0.104043
batch number is 70000
0.092124
batch number is 70000
0.098851
batch number is 70000
0.102145
----------------------------------------------
batch number is 35000
0.076719
batch number is 35000
0.074118
batch number is 35000
0.071031
batch number is 35000
0.071352
batch number is 35000
0.082590
----------------------------------------------
batch number is 70000
0.101349
batch number is 70000
0.102364
batch number is 70000
0.092468
batch number is 70000
0.096693
batch number is 70000
0.103762
----------------------------------------------
Wiki start
batch number is 40000
0.089856
batch number is 40000
0.096313
batch number is 40000
0.092550
batch number is 40000
0.090409
batch number is 40000
0.090199
----------------------------------------------
batch number is 80000
0.140343
batch number is 80000
0.134879
batch number is 80000
0.123498
batch number is 80000
0.123287
batch number is 80000
0.134818
----------------------------------------------
batch number is 40000
0.081185
batch number is 40000
0.083313
batch number is 40000
0.086631
batch number is 40000
0.077109
batch number is 40000
0.092047
----------------------------------------------
batch number is 80000
0.122637
batch number is 80000
0.127522
batch number is 80000
0.141252
batch number is 80000
0.134401
batch number is 80000
0.133362
----------------------------------------------
Twitter start
batch number is 75000
0.225876
batch number is 75000
0.214801
batch number is 75000
0.235685
batch number is 75000
0.237364
batch number is 75000
0.219266
----------------------------------------------
batch number is 150000
0.262086
batch number is 150000
0.287584
batch number is 150000
0.264660
batch number is 150000
0.261555
batch number is 150000
0.294414
----------------------------------------------
batch number is 75000
0.216779
batch number is 75000
0.216409
batch number is 75000
0.228732
batch number is 75000
0.232931
batch number is 75000
0.237550
----------------------------------------------
batch number is 150000
0.270556
batch number is 150000
0.306352
batch number is 150000
0.300691
batch number is 150000
0.314614
batch number is 150000
0.298195
----------------------------------------------

