BFS begin
0.007415
0.007600
0.007092
0.006883
0.009517
================================================
0.010699
0.009378
0.010797
0.012787
0.015011
================================================
0.011715
0.009728
0.013099
0.014279
0.012514
================================================
0.012494
0.014635
0.011331
0.008374
0.013492
================================================
0.009678
0.014403
0.012051
0.015238
0.012056
================================================
0.016584
0.012655
0.016327
0.014746
0.016218
================================================
0.014008
0.013319
0.014164
0.013410
0.015717
================================================
0.010847
0.015477
0.017380
0.015980
0.018859
================================================
0.022822
0.015036
0.017240
0.019211
0.019446
================================================
0.014371
0.020480
0.016368
0.019936
0.017983
================================================
0.016435
0.020275
0.012212
0.015811
0.011422
================================================
0.020820
0.020464
0.021319
0.020510
0.016277
================================================
0.022673
0.021927
0.019919
0.018966
0.016424
================================================
0.024476
0.016219
0.015421
0.017938
0.027894
================================================
0.022060
0.026093
0.024341
0.018616
0.020095
================================================
0.018920
0.024514
0.025668
0.018398
0.021191
================================================
0.024856
0.022995
0.018200
0.020375
0.026067
================================================
0.024738
0.020336
0.014285
0.025951
0.020908
================================================
0.014409
0.025715
0.020177
0.020947
0.025529
================================================
0.030605
0.028372
0.026386
0.023543
0.015926
================================================
0.025679
0.027135
0.021464
0.029419
0.014647
================================================
0.021561
0.034784
0.026443
0.026582
0.025244
================================================
0.027902
0.022202
0.035556
0.029519
0.028135
================================================
0.033479
0.027058
0.018439
0.028152
0.029952
================================================
0.028889
0.025861
0.028752
0.033530
0.022019
================================================
0.029096
0.027593
0.030876
0.028652
0.030508
================================================
0.031011
0.029488
0.034568
0.028898
0.023510
================================================
0.031007
0.030147
0.017512
0.032070
0.028873
================================================
0.028311
0.028537
0.032763
0.031255
0.026760
================================================
0.025234
0.030706
0.029943
0.037086
0.032478
================================================
0.028619
0.032346
0.030283
0.020854
0.034628
================================================
0.019195
0.031624
0.032244
0.027066
0.034043
================================================
0.031422
0.031899
0.029621
0.034883
0.021076
================================================
0.032255
0.035151
0.036405
0.026229
0.033221
================================================
0.034597
0.034164
0.033598
0.030080
0.034799
================================================
0.037754
0.024281
0.034243
0.034364
0.035481
================================================
0.033409
0.038038
0.028321
0.033873
0.031604
================================================
0.037395
0.039629
0.034210
0.025336
0.035260
================================================
0.029258
0.037230
0.031672
0.035376
0.038565
================================================
0.041834
0.037107
0.034946
0.035162
0.037429
================================================
0.039150
0.032391
0.037512
0.035963
0.035036
================================================
0.032791
0.037439
0.035081
0.037570
0.031805
================================================
0.037865
0.036355
0.039750
0.034023
0.039369
================================================
0.032406
0.038581
0.040096
0.034029
0.040624
================================================
0.021837
0.039089
0.040891
0.031981
0.038680
================================================
0.040736
0.043941
0.024279
0.039974
0.045694
================================================
0.038524
0.042803
0.038925
0.032143
0.039289
================================================
0.032126
0.033919
0.027325
0.026668
0.031347
================================================
0.043103
0.032607
0.038770
0.040231
0.042731
================================================
0.035415
0.038549
0.040271
0.028139
0.038984
================================================
SSSP begin
0.010509
0.010948
0.020494
0.010393
0.009645
================================================
0.012091
0.010053
0.012021
0.013644
0.009156
================================================
0.013520
0.015143
0.014260
0.014414
0.011019
================================================
0.016616
0.011416
0.019249
0.016024
0.016778
================================================
0.018406
0.015471
0.015900
0.021355
0.015862
================================================
0.022155
0.021395
0.021838
0.020740
0.011285
================================================
0.022535
0.020849
0.018569
0.024022
0.018986
================================================
0.022401
0.022574
0.021267
0.021779
0.025829
================================================
0.027916
0.026183
0.027414
0.022004
0.023584
================================================
0.020043
0.029696
0.025052
0.025684
0.025316
================================================
0.030765
0.024511
0.030026
0.032522
0.027200
================================================
0.034537
0.015652
0.030927
0.030827
0.027099
================================================
0.027089
0.028856
0.030135
0.040630
0.036129
================================================
0.031690
0.032048
0.016617
0.030220
0.031573
================================================
0.018724
0.033574
0.032052
0.035708
0.034910
================================================
0.032887
0.017302
0.031339
0.028274
0.032930
================================================
0.034211
0.039848
0.017611
0.031702
0.032271
================================================
0.036886
0.027180
0.034225
0.028193
0.035563
================================================
0.032328
0.045751
0.034427
0.040492
0.041712
================================================
0.044307
0.042431
0.028379
0.036076
0.036505
================================================
0.034342
0.038315
0.042422
0.043297
0.036633
================================================
0.044584
0.030243
0.038821
0.037699
0.033083
================================================
0.041547
0.037563
0.046313
0.051084
0.045872
================================================
0.042513
0.042223
0.041115
0.032134
0.037298
================================================
0.042080
0.042297
0.037372
0.020730
0.044019
================================================
0.058472
0.019641
0.038481
0.039373
0.054766
================================================
0.021767
0.032571
0.036887
0.041506
0.051452
================================================
0.046689
0.043274
0.035648
0.044747
0.021077
================================================
0.044600
0.049585
0.049930
0.039421
0.046505
================================================
0.022137
0.038080
0.049149
0.042686
0.044870
================================================
0.046947
0.050317
0.057375
0.051286
0.036265
================================================
0.044001
0.054944
0.052538
0.051371
0.052000
================================================
0.046971
0.064124
0.023640
0.048061
0.044840
================================================
0.069342
0.057293
0.041757
0.051596
0.045305
================================================
0.057357
0.055289
0.050321
0.062826
0.049609
================================================
0.050669
0.058127
0.059540
0.042091
0.024298
================================================
0.073134
0.029532
0.045427
0.054603
0.051211
================================================
0.053751
0.055796
0.027037
0.062821
0.054821
================================================
0.065798
0.056425
0.054192
0.045376
0.059295
================================================
0.048745
0.046234
0.048179
0.059077
0.060259
================================================
0.053794
0.063369
0.057340
0.057271
0.068970
================================================
0.027601
0.055327
0.062850
0.028527
0.053222
================================================
0.056014
0.048812
0.055071
0.057396
0.057304
================================================
0.052852
0.062331
0.040029
0.116771
0.067575
================================================
0.057494
0.062657
0.062899
0.061453
0.030508
================================================
0.071105
0.063828
0.050872
0.059445
0.073475
================================================
0.063715
0.044264
0.072771
0.049897
0.065132
================================================
0.078852
0.050757
0.074444
0.088337
0.034490
================================================
0.030588
0.074349
0.061855
0.030359
0.106688
================================================
0.064232
0.062871
0.048678
0.033001
0.062857
================================================
SSWP begin
0.011102
0.010535
0.009390
0.010522
0.008309
================================================
0.012141
0.012915
0.015006
0.011383
0.013695
================================================
0.021909
0.013668
0.015748
0.015925
0.014917
================================================
0.016480
0.017878
0.017103
0.018632
0.016441
================================================
0.019954
0.020017
0.018620
0.020367
0.018295
================================================
0.022556
0.022178
0.024246
0.023831
0.023700
================================================
0.025734
0.022137
0.014990
0.024056
0.020368
================================================
0.022489
0.025007
0.027967
0.025512
0.020597
================================================
0.026933
0.014564
0.024232
0.023357
0.024902
================================================
0.029475
0.028593
0.025275
0.025475
0.036692
================================================
0.016154
0.031725
0.028241
0.042133
0.027542
================================================
0.029619
0.029793
0.027349
0.017297
0.031695
================================================
0.033876
0.026985
0.025241
0.022441
0.030400
================================================
0.018394
0.017500
0.040180
0.041460
0.034989
================================================
0.031423
0.034169
0.033421
0.042029
0.035836
================================================
0.032717
0.033848
0.029192
0.015709
0.039883
================================================
0.031932
0.036908
0.033771
0.032788
0.032833
================================================
0.041232
0.042194
0.038895
0.038871
0.021505
================================================
0.035742
0.020793
0.031918
0.038274
0.039182
================================================
0.044098
0.055884
0.020954
0.044976
0.050184
================================================
0.045452
0.040842
0.041601
0.038829
0.036321
================================================
0.037640
0.039891
0.047864
0.019394
0.040472
================================================
0.034804
0.045062
0.041659
0.037844
0.048988
================================================
0.021145
0.037830
0.048855
0.047899
0.043310
================================================
0.042401
0.024144
0.047079
0.042816
0.044609
================================================
0.050591
0.046392
0.052988
0.020926
0.046124
================================================
0.041866
0.034721
0.058205
0.046767
0.057365
================================================
0.050902
0.044531
0.051437
0.052272
0.054887
================================================
0.048518
0.045584
0.052913
0.061222
0.044490
================================================
0.049294
0.042068
0.049501
0.048923
0.056017
================================================
0.050244
0.056260
0.054421
0.043393
0.052585
================================================
0.050599
0.048713
0.045918
0.046755
0.056863
================================================
0.049002
0.038521
0.056107
0.045631
0.051504
================================================
0.049706
0.030093
0.055961
0.045093
0.046429
================================================
0.039812
0.052256
0.064385
0.048553
0.060963
================================================
0.065659
0.047212
0.056277
0.064551
0.047405
================================================
0.075006
0.051673
0.053449
0.054876
0.064034
================================================
0.058900
0.046030
0.051100
0.063840
0.054797
================================================
0.061242
0.051768
0.052172
0.049590
0.040493
================================================
0.048467
0.048806
0.047749
0.052450
0.030090
================================================
0.062271
0.040507
0.068903
0.068110
0.028619
================================================
0.064698
0.049328
0.056682
0.061216
0.059114
================================================
0.053569
0.028453
0.058030
0.075997
0.054642
================================================
0.062980
0.055802
0.065274
0.059237
0.057566
================================================
0.071410
0.053611
0.058406
0.064560
0.057359
================================================
0.068447
0.056587
0.072870
0.079973
0.064986
================================================
0.074151
0.029787
0.060256
0.058654
0.060739
================================================
0.061568
0.060335
0.071911
0.059870
0.059944
================================================
0.071179
0.059435
0.049034
0.073596
0.029133
================================================
0.073629
0.076409
0.063825
0.053985
0.058294
================================================
SSNP begin
0.008283
0.010479
0.010507
0.010917
0.011766
================================================
0.012868
0.010629
0.013129
0.012222
0.014919
================================================
0.015565
0.019705
0.019435
0.011502
0.013604
================================================
0.019677
0.015199
0.016239
0.016397
0.019958
================================================
0.019117
0.018337
0.018819
0.018256
0.017732
================================================
0.019364
0.013132
0.019946
0.019266
0.018809
================================================
0.014383
0.023392
0.025376
0.023164
0.022569
================================================
0.024025
0.025690
0.022713
0.025052
0.023275
================================================
0.025198
0.027437
0.021597
0.025886
0.027409
================================================
0.031234
0.026086
0.024166
0.024460
0.026868
================================================
0.028647
0.031498
0.025856
0.026998
0.025381
================================================
0.028927
0.026481
0.032954
0.029126
0.017603
================================================
0.032503
0.029362
0.031964
0.031356
0.032734
================================================
0.029953
0.043222
0.030345
0.027527
0.031714
================================================
0.032350
0.029263
0.035864
0.026945
0.029724
================================================
0.019250
0.036029
0.032034
0.033272
0.017249
================================================
0.018248
0.030118
0.036153
0.037454
0.030418
================================================
0.047169
0.035251
0.032693
0.033846
0.033601
================================================
0.043855
0.039373
0.043586
0.020539
0.018526
================================================
0.035340
0.038420
0.038574
0.040742
0.039704
================================================
0.049691
0.042116
0.043453
0.020104
0.040195
================================================
0.041021
0.022793
0.040483
0.033037
0.044517
================================================
0.045642
0.046194
0.042744
0.044791
0.038563
================================================
0.035320
0.045544
0.051136
0.037549
0.043479
================================================
0.049240
0.037230
0.044485
0.048144
0.037045
================================================
0.049168
0.042202
0.048394
0.039270
0.037272
================================================
0.041430
0.046228
0.057957
0.054134
0.022517
================================================
0.049019
0.046525
0.049797
0.044349
0.048170
================================================
0.041043
0.022330
0.051958
0.039906
0.040946
================================================
0.022145
0.052833
0.057228
0.051051
0.049220
================================================
0.056023
0.048355
0.025328
0.023844
0.050793
================================================
0.027432
0.044849
0.055296
0.060482
0.070400
================================================
0.051267
0.050988
0.045371
0.051460
0.041305
================================================
0.058601
0.024889
0.048222
0.049595
0.056363
================================================
0.024270
0.056972
0.025370
0.058776
0.054631
================================================
0.056598
0.046205
0.032017
0.047225
0.060758
================================================
0.026134
0.044574
0.050683
0.039000
0.041238
================================================
0.047948
0.061968
0.060516
0.056011
0.061528
================================================
0.054792
0.055276
0.057033
0.062950
0.056918
================================================
0.072396
0.054853
0.056151
0.050864
0.051036
================================================
0.060822
0.044266
0.056447
0.051530
0.056064
================================================
0.055870
0.059906
0.048953
0.069572
0.059026
================================================
0.066930
0.054801
0.055302
0.056710
0.064513
================================================
0.056461
0.061448
0.052208
0.067513
0.058853
================================================
0.064188
0.065242
0.026840
0.058658
0.071762
================================================
0.066903
0.033795
0.058464
0.029336
0.032426
================================================
0.063288
0.062267
0.061964
0.056928
0.054475
================================================
0.058503
0.061674
0.065120
0.054663
0.047224
================================================
0.047468
0.045341
0.032784
0.066541
0.062936
================================================
0.063629
0.029609
0.059803
0.061141
0.060484
================================================
