BFS begin
0.016445
0.017820
0.013094
0.018161
0.016929
================================================
0.024073
0.022873
0.016418
0.022994
0.020373
================================================
0.026350
0.019759
0.017110
0.022545
0.033077
================================================
0.016750
0.031716
0.029576
0.028204
0.029182
================================================
0.018800
0.031969
0.030015
0.019749
0.023375
================================================
0.028958
0.033508
0.024880
0.034223
0.037001
================================================
0.027184
0.036845
0.036850
0.025906
0.025346
================================================
0.029055
0.023935
0.042193
0.038018
0.038010
================================================
0.040310
0.032733
0.042294
0.030537
0.045599
================================================
0.029030
0.029334
0.040721
0.043439
0.042552
================================================
0.046350
0.043107
0.043871
0.036004
0.048375
================================================
0.050614
0.033257
0.026117
0.047947
0.051379
================================================
0.050461
0.027744
0.038284
0.024202
0.031616
================================================
0.044768
0.030124
0.027223
0.049555
0.039958
================================================
0.053290
0.051412
0.053420
0.051044
0.035466
================================================
0.028547
0.055369
0.044773
0.038955
0.042641
================================================
0.056135
0.038337
0.055572
0.039118
0.051383
================================================
0.063952
0.057173
0.030511
0.058338
0.035685
================================================
0.063394
0.040330
0.040721
0.043571
0.055420
================================================
0.040670
0.062507
0.035089
0.060992
0.053797
================================================
0.050086
0.061915
0.043834
0.059183
0.060558
================================================
0.049363
0.031854
0.064081
0.062049
0.061855
================================================
0.064366
0.045921
0.048558
0.067720
0.066840
================================================
0.036597
0.043672
0.069182
0.064899
0.040852
================================================
0.067131
0.045978
0.046704
0.042236
0.068546
================================================
0.067579
0.052783
0.053287
0.037750
0.068161
================================================
0.034043
0.072149
0.067047
0.048568
0.068440
================================================
0.050648
0.049964
0.074466
0.036585
0.050244
================================================
0.074666
0.051210
0.054985
0.049197
0.054327
================================================
0.056511
0.041164
0.072945
0.071688
0.047947
================================================
0.071794
0.073380
0.053938
0.056296
0.054690
================================================
0.056782
0.045210
0.079163
0.076096
0.077855
================================================
0.058980
0.081654
0.058271
0.051972
0.073691
================================================
0.078103
0.077090
0.038158
0.076948
0.037935
================================================
0.086007
0.081768
0.083072
0.059776
0.082136
================================================
0.082992
0.083794
0.046500
0.085955
0.082655
================================================
0.083803
0.085336
0.042812
0.056365
0.052896
================================================
0.065437
0.067009
0.041627
0.087708
0.082481
================================================
0.045008
0.065678
0.085582
0.057345
0.086749
================================================
0.087817
0.067594
0.085406
0.071349
0.086623
================================================
0.043427
0.054568
0.091714
0.050741
0.082583
================================================
0.059389
0.066219
0.066644
0.087500
0.049121
================================================
0.061293
0.088630
0.096202
0.068164
0.060774
================================================
0.064655
0.092484
0.050725
0.087846
0.095034
================================================
0.073930
0.063710
0.096032
0.097128
0.072358
================================================
0.092812
0.066048
0.068394
0.051948
0.071154
================================================
0.086788
0.096929
0.076850
0.075664
0.097399
================================================
0.065760
0.095235
0.095592
0.046644
0.068242
================================================
0.065680
0.063151
0.100450
0.053775
0.093997
================================================
0.075772
0.073077
0.069920
0.102551
0.075113
================================================
SSSP begin
0.021054
0.019993
0.026085
0.013210
0.018553
================================================
0.016402
0.024997
0.028946
0.025495
0.020920
================================================
0.026283
0.029311
0.035675
0.032221
0.022425
================================================
0.022114
0.034624
0.025972
0.032390
0.024037
================================================
0.039515
0.020702
0.043718
0.019272
0.037198
================================================
0.028246
0.020558
0.040912
0.029179
0.032768
================================================
0.043463
0.026753
0.033457
0.033661
0.022480
================================================
0.030931
0.044076
0.025851
0.031550
0.036639
================================================
0.034857
0.035547
0.037347
0.033403
0.035837
================================================
0.056018
0.055537
0.049514
0.038701
0.037467
================================================
0.061232
0.038784
0.033893
0.049956
0.032660
================================================
0.057321
0.054273
0.037133
0.038380
0.054873
================================================
0.046539
0.043512
0.059783
0.063331
0.030654
================================================
0.044357
0.072775
0.041486
0.032229
0.066267
================================================
0.046654
0.041781
0.040717
0.048158
0.047721
================================================
0.044129
0.045232
0.064174
0.049641
0.046622
================================================
0.070184
0.067600
0.055160
0.064209
0.044384
================================================
0.052377
0.074016
0.040341
0.068016
0.072696
================================================
0.074816
0.055914
0.040752
0.047178
0.050113
================================================
0.055147
0.053870
0.053279
0.057396
0.056525
================================================
0.065725
0.076619
0.077697
0.059631
0.061182
================================================
0.051326
0.054119
0.052531
0.053765
0.052881
================================================
0.081724
0.057419
0.061053
0.072247
0.051425
================================================
0.062651
0.060121
0.057724
0.081331
0.055286
================================================
0.066059
0.056811
0.062316
0.044192
0.042441
================================================
0.066821
0.067141
0.055671
0.039593
0.066347
================================================
0.058614
0.124814
0.063540
0.046722
0.064973
================================================
0.088820
0.067685
0.062787
0.092461
0.083089
================================================
0.049776
0.089394
0.071158
0.067415
0.071501
================================================
0.062327
0.045212
0.068827
0.050950
0.071351
================================================
0.078555
0.082911
0.072525
0.044923
0.096727
================================================
0.094391
0.065010
0.095519
0.074643
0.070167
================================================
0.078835
0.096934
0.068966
0.069286
0.100712
================================================
0.069166
0.098342
0.099359
0.084438
0.065510
================================================
0.094369
0.077300
0.078955
0.079943
0.074826
================================================
0.085942
0.069372
0.070271
0.052778
0.097418
================================================
0.102056
0.082859
0.081676
0.081205
0.086089
================================================
0.077131
0.108800
0.075652
0.076341
0.054861
================================================
0.062785
0.076730
0.107381
0.073107
0.107262
================================================
0.074702
0.075438
0.088169
0.077054
0.087360
================================================
0.110486
0.063598
0.093170
0.092116
0.115802
================================================
0.112930
0.118367
0.113222
0.087713
0.087902
================================================
0.099288
0.116535
0.102793
1.047070
0.097547
================================================
0.115966
0.214621
0.092074
0.101931
0.081415
================================================
0.082353
0.079173
0.118667
0.092527
0.058590
================================================
0.101285
0.092837
0.126366
0.098823
0.114242
================================================
0.088345
0.093512
0.059154
0.103820
0.119536
================================================
0.088764
0.059248
0.088698
0.118997
0.091069
================================================
0.095437
0.089841
0.193332
0.094434
0.126786
================================================
0.126146
0.100563
0.092086
0.109396
0.090597
================================================
SSWP begin
0.016957
0.017341
0.014670
0.016484
0.016149
================================================
0.019386
0.027777
0.020267
0.028479
0.018812
================================================
0.020623
0.020969
0.019765
0.021516
0.021953
================================================
0.025072
0.030815
0.024170
0.034060
0.031297
================================================
0.028915
0.038115
0.033090
0.023549
0.033375
================================================
0.050097
0.027319
0.027074
0.023585
0.028167
================================================
0.042234
0.025994
0.032803
0.029882
0.028031
================================================
0.030002
0.032743
0.028593
0.025993
0.026708
================================================
0.044609
0.034622
0.031402
0.028979
0.028793
================================================
0.046345
0.035936
0.036303
0.037824
0.032282
================================================
0.031035
0.037439
0.030313
0.033452
0.039839
================================================
0.056477
0.054436
0.028143
0.036386
0.037327
================================================
0.053494
0.039551
0.039118
0.042018
0.029852
================================================
0.060383
0.059289
0.059607
0.038801
0.034582
================================================
0.056052
0.042961
0.035118
0.064376
0.042107
================================================
0.073407
0.030913
0.062118
0.039299
0.052418
================================================
0.064173
0.046107
0.040585
0.041913
0.032212
================================================
0.044745
0.050550
0.063794
0.034525
0.045413
================================================
0.048002
0.064241
0.032514
0.066883
0.035015
================================================
0.046656
0.048611
0.050797
0.038383
0.071218
================================================
0.052583
0.053727
0.047758
0.051633
0.036112
================================================
0.037403
0.048578
0.073543
0.059842
0.056160
================================================
0.079013
0.047819
0.039409
0.053980
0.073413
================================================
0.051941
0.036899
0.048756
0.053203
20.851998
================================================
0.060092
0.076482
0.079887
0.057900
0.051336
================================================
0.054277
0.039633
0.052852
11.198881
0.079912
================================================
0.081365
0.056144
0.054534
0.062221
0.056209
================================================
0.057041
0.058224
0.059930
0.065922
0.080300
================================================
0.058496
0.053063
0.060092
8.514506
0.064096
================================================
0.067520
0.065565
0.064291
0.057708
0.056590
================================================
0.060779
0.061619
0.067293
0.044508
0.060988
================================================
0.065571
0.047265
0.069591
0.058280
0.065600
================================================
0.069096
0.088015
0.061177
0.060116
0.066870
================================================
0.071144
0.090658
0.090198
0.060092
0.045627
================================================
0.051591
0.069178
0.067423
0.064406
0.046163
================================================
0.092029
0.052131
0.082554
0.099122
0.063007
================================================
0.075959
0.068131
0.067241
0.077727
0.063766
================================================
0.064305
0.051543
0.098951
0.049040
9.537218
================================================
0.080729
0.083849
0.065486
0.066161
0.069288
================================================
0.078669
0.070350
0.070294
0.052176
0.076440
================================================
0.080711
0.074978
0.120315
0.102064
0.105932
================================================
0.106986
0.073649
0.071197
0.079866
0.058053
================================================
0.084568
0.106614
0.066544
0.077989
0.102378
================================================
0.085046
0.053396
0.092137
0.098080
0.107894
================================================
0.074103
0.073902
0.076535
0.072367
0.093473
================================================
0.109106
0.088244
0.074804
0.078544
0.072121
================================================
0.055295
0.084804
0.076341
0.114301
0.078291
================================================
0.057729
0.119797
0.077579
0.109409
0.085359
================================================
0.113238
0.095008
0.079885
0.062085
0.116628
================================================
0.084595
0.084865
0.058150
17.901686
0.059094
================================================
SSNP begin
0.019066
0.016351
0.018317
0.018687
0.021759
================================================
0.023446
0.024700
0.023230
0.026025
0.025938
================================================
0.029582
0.021437
0.022197
0.026694
0.033654
================================================
0.027688
0.026306
0.025511
0.028268
0.022548
================================================
0.024943
0.030182
0.026075
0.039257
0.030246
================================================
0.025180
0.042951
0.040007
0.043602
0.042907
================================================
0.032318
0.032096
0.034045
0.035700
0.031599
================================================
0.034324
0.036369
0.048808
0.032911
0.035530
================================================
0.034378
0.038169
0.039074
0.037792
0.053950
================================================
0.030989
0.055223
0.046866
0.042146
0.037684
================================================
0.047667
0.043972
0.048870
0.047561
0.057718
================================================
0.040372
0.043956
0.040087
0.048735
0.038672
================================================
0.030283
0.067424
0.041582
0.046497
0.059271
================================================
0.037469
0.044299
0.054267
0.045612
0.041618
================================================
0.035715
0.074017
0.050543
0.072796
0.032268
================================================
0.055344
0.033398
0.050255
0.067288
0.069315
================================================
0.056039
0.050239
0.052948
0.049481
0.054273
================================================
0.056837
0.075888
0.074753
0.076433
0.054110
================================================
0.046892
1.567449
0.042647
0.078410
0.063307
================================================
0.075539
0.062820
0.060340
0.043595
0.059907
================================================
0.064649
0.056702
0.056377
0.053598
0.055797
================================================
0.065873
0.066120
0.054458
0.052968
0.065008
================================================
0.071304
0.055645
0.059848
0.064479
0.062965
================================================
0.060408
0.067802
0.067404
0.090272
0.042376
================================================
0.070114
0.060261
0.063585
0.066839
0.042003
================================================
0.091707
0.046963
0.065021
0.071234
0.088582
================================================
0.066100
0.063984
0.063114
0.060154
0.089982
================================================
0.072868
0.076188
0.069330
0.069969
0.065356
================================================
0.073271
0.045988
0.101495
0.096619
0.094619
================================================
0.065409
0.069008
-0.110215
0.074806
0.073796
================================================
0.066554
0.096988
0.062233
0.068181
0.056497
================================================
0.088018
0.068692
0.074553
0.098540
0.077351
================================================
0.071106
0.074008
0.074760
0.082330
0.079135
================================================
0.104411
0.071900
0.107626
0.074158
0.076562
================================================
0.075707
0.083198
0.080005
0.071451
0.080782
================================================
0.112005
0.089287
0.076646
0.090694
0.074105
================================================
0.080095
0.063240
0.091157
0.077529
0.056317
================================================
0.113654
0.076282
0.080946
0.060987
0.110124
================================================
0.118857
0.083915
0.096199
0.089259
0.056895
================================================
0.085589
0.122723
0.111812
0.107206
0.116169
================================================
0.084544
0.083546
0.080056
0.089528
0.062779
================================================
0.086411
0.106351
0.085598
0.119842
0.083614
================================================
0.082050
0.065930
0.108785
0.116505
0.085757
================================================
0.062455
0.097445
0.087210
0.086546
0.064393
================================================
0.090817
0.104501
0.098565
0.095105
0.089126
================================================
0.086328
0.092451
0.091080
0.093803
0.089280
================================================
0.063221
0.123930
0.137978
0.138081
0.104756
================================================
0.101118
0.129124
0.134915
0.109929
0.092249
================================================
1.608491
0.102516
0.127515
0.134515
0.138252
================================================
0.102460
0.136192
0.065664
0.137373
0.097163
================================================
