BFS begin
0.006575
0.006303
0.006507
0.005355
0.006701
================================================
0.008000
0.006616
0.005892
0.006902
0.007910
================================================
0.007926
0.008258
0.008060
0.008271
0.008082
================================================
0.008636
0.007529
0.008281
0.008070
0.008344
================================================
0.007300
0.009314
0.007534
0.008773
0.008471
================================================
0.008791
0.009442
0.009880
0.009812
0.010145
================================================
0.007727
0.009602
0.007871
0.007935
0.009431
================================================
0.010612
0.010848
0.010527
0.010521
0.007941
================================================
0.011577
0.008683
0.008111
0.012316
0.011095
================================================
0.012072
0.007789
0.011005
0.016288
0.011628
================================================
0.008886
0.009837
0.011266
0.008833
0.009504
================================================
0.009144
0.012614
0.010073
0.011832
0.012132
================================================
0.011856
0.014498
0.010321
0.009190
0.010317
================================================
0.008569
0.010177
0.008490
0.010062
0.012200
================================================
0.010089
0.012842
0.014328
0.010201
0.013649
================================================
0.015005
0.010412
0.012667
0.013360
0.014017
================================================
0.013283
0.010896
0.008998
0.014320
0.019391
================================================
0.013438
0.016140
0.012370
0.012290
0.014669
================================================
0.012344
0.012042
0.014767
0.010942
0.016320
================================================
0.011484
0.011896
0.010313
0.010192
0.014462
================================================
0.010707
0.010539
0.013136
0.016125
0.012029
================================================
0.009135
0.016616
0.016588
0.016868
0.015430
================================================
0.010615
0.012850
0.012447
0.011983
0.015399
================================================
0.016940
0.015847
0.018280
0.011557
0.017932
================================================
0.013908
0.012957
0.010365
0.017285
0.017714
================================================
0.014099
0.060542
0.010710
0.017279
0.016619
================================================
0.017095
0.013315
0.017967
0.018318
0.016708
================================================
0.011299
0.019548
0.018151
0.014936
0.018403
================================================
0.014568
0.020553
0.017421
0.013474
0.050814
================================================
0.011571
0.018740
0.014657
0.012342
0.013524
================================================
0.014560
0.019269
0.019773
0.019624
0.019960
================================================
0.018091
0.012184
0.014339
0.011853
0.012365
================================================
0.023953
0.013245
0.015340
0.017279
0.012265
================================================
0.016529
0.013797
0.019416
0.018026
0.013755
================================================
0.018859
0.015144
0.013982
0.015071
0.011466
================================================
0.013088
0.012716
0.014128
0.021594
0.014922
================================================
0.018649
0.038399
0.014401
0.020842
0.015504
================================================
0.019462
0.013735
0.020949
0.124374
0.020988
================================================
0.016257
0.021086
0.020097
0.020264
0.021841
================================================
0.025141
0.014339
0.013551
0.016507
0.015311
================================================
0.013926
0.014817
0.021436
0.023939
0.033043
================================================
0.023256
0.022619
0.021970
0.014599
0.013878
================================================
0.021640
0.021860
0.088190
0.019718
0.015617
================================================
0.021103
0.014758
0.017565
0.017497
0.012769
================================================
0.017109
0.017255
0.014839
0.014050
0.023489
================================================
0.026244
0.016769
0.023075
0.023408
0.022430
================================================
0.021920
0.016342
0.022823
0.015484
0.026733
================================================
0.016750
0.016687
0.018201
0.023724
0.017006
================================================
0.020169
0.015854
0.026097
0.018349
0.018699
================================================
0.017664
0.019805
0.015878
0.023023
0.021334
================================================
SSSP begin
0.008205
0.007752
0.006566
0.008335
0.007318
================================================
0.007264
0.007805
0.006827
0.007467
0.007428
================================================
0.010645
0.011006
0.007589
0.008577
0.008014
================================================
0.008387
0.014605
0.011816
0.009131
0.008555
================================================
0.009463
0.008430
0.009046
0.013781
0.009195
================================================
0.011038
0.008978
0.010718
0.010465
0.014825
================================================
0.009294
0.012819
0.012012
0.015512
0.011705
================================================
0.017890
0.009642
0.019859
0.011262
0.013324
================================================
0.017937
0.018321
0.011490
0.011044
0.012842
================================================
0.017497
0.009648
0.011264
0.011166
0.017272
================================================
0.012616
0.015279
0.014072
0.022609
0.017235
================================================
0.015193
0.010168
0.018358
0.011553
0.018985
================================================
0.015970
0.015255
0.012850
0.015100
0.016100
================================================
0.021605
0.013586
0.015198
0.014995
0.015574
================================================
0.015726
0.035878
0.020830
0.012766
0.016304
================================================
0.014948
0.021569
0.016532
0.015760
0.013993
================================================
0.023530
0.023265
0.022402
0.017588
0.014896
================================================
0.014303
0.014680
0.016077
0.019019
0.016247
================================================
0.013999
0.024347
0.016605
0.012970
0.025663
================================================
0.019755
0.017876
0.052773
0.016367
0.016238
================================================
0.017608
0.016945
0.025926
0.017203
0.529460
================================================
0.019967
0.019238
0.019799
0.019234
0.017359
================================================
0.026563
0.027722
0.017606
0.017377
0.017197
================================================
0.027023
0.018255
0.020733
0.027803
0.019620
================================================
0.021953
0.018211
0.026937
0.020589
0.020341
================================================
0.020373
0.016090
0.029082
0.020905
0.027740
================================================
0.021165
0.019450
0.028901
0.020719
0.030133
================================================
0.021083
0.030563
0.023179
0.026083
0.022525
================================================
0.031003
0.031905
0.019817
0.020913
0.016557
================================================
0.030793
0.029133
0.020635
0.020593
0.020723
================================================
0.022373
0.023516
0.023354
0.017574
0.016830
================================================
0.024349
0.029253
0.033080
0.049217
0.022933
================================================
0.033629
0.023401
0.031718
0.023652
0.025607
================================================
0.031087
0.023698
0.018051
0.024955
0.024864
================================================
0.017982
0.022735
0.026675
0.022256
0.037241
================================================
0.023469
0.033743
0.023555
0.021231
0.018057
================================================
0.020098
0.018573
0.023035
0.021054
0.024812
================================================
0.034743
0.030121
0.026026
0.022401
0.019768
================================================
0.019779
0.040911
0.028194
0.034075
0.604740
================================================
0.030214
0.027828
0.031270
0.021875
0.029545
================================================
0.027723
0.028276
0.018919
0.038332
0.038502
================================================
0.023876
0.027716
0.035157
0.024725
0.039969
================================================
0.062452
0.028921
0.024082
0.037114
0.030106
================================================
0.020232
0.033993
0.025393
0.025887
0.040925
================================================
0.026368
0.038433
0.029610
0.030938
0.022693
================================================
0.038370
0.028436
0.029916
0.028956
0.027019
================================================
0.024614
0.039708
0.038399
0.029326
0.021961
================================================
0.033151
0.060906
0.026673
0.037956
0.034397
================================================
0.030842
0.038681
0.040432
0.061200
0.036447
================================================
0.032763
0.038890
0.032039
0.041729
0.035952
================================================
SSWP begin
0.006924
0.007399
0.006836
0.007089
0.005966
================================================
0.008383
0.009289
0.007417
0.007754
0.006599
================================================
0.007912
0.010613
0.007011
0.008366
0.007860
================================================
0.008205
0.008888
0.009605
0.007673
0.010742
================================================
0.008859
0.009388
0.013564
0.008642
0.008419
================================================
0.010517
0.013472
0.007755
0.010970
0.009157
================================================
0.014931
0.010783
0.015339
0.012545
0.010204
================================================
0.009989
0.014673
0.010523
0.023838
0.014654
================================================
0.015897
0.011453
0.009269
0.010916
0.010145
================================================
0.013292
0.009840
0.011455
0.013176
0.016587
================================================
0.018576
0.012147
0.016523
0.011660
0.011913
================================================
0.011079
0.014247
0.013732
0.011235
0.009793
================================================
0.009782
0.010119
0.011324
0.013318
0.013840
================================================
0.020278
0.015454
0.012971
0.014484
0.014515
================================================
0.013657
0.010671
0.013129
0.014936
0.019375
================================================
0.013114
0.015778
0.020490
0.015683
0.013250
================================================
0.015874
0.010481
0.012888
0.022030
0.020627
================================================
0.011358
0.016382
0.016756
0.016642
0.015359
================================================
0.012830
0.016618
0.022154
0.017655
0.023698
================================================
0.023478
0.017388
0.024981
0.017128
3.807339
================================================
0.015046
0.023675
0.016395
0.023696
0.017225
================================================
0.024439
0.039793
0.018222
0.014617
0.016173
================================================
0.015499
0.016127
0.013825
0.017642
0.014862
================================================
0.016685
0.017639
0.019503
0.018807
0.016840
================================================
0.026945
0.019128
0.019431
0.028787
0.019306
================================================
0.026935
0.026433
0.024555
0.025819
0.020007
================================================
0.019786
0.016733
0.019245
0.020150
0.017790
================================================
0.019299
0.016757
0.026383
0.027375
0.018893
================================================
0.021081
0.017458
1.719714
0.023211
0.016796
================================================
0.027925
0.019330
0.021548
0.021959
0.028631
================================================
0.041325
0.027687
0.021908
0.020588
0.019817
================================================
0.019507
0.029342
0.030041
0.029643
0.021752
================================================
0.022932
0.017975
0.015757
0.016260
0.017046
================================================
2.590599
0.021527
0.043965
0.020717
0.022900
================================================
0.025882
0.019783
0.024706
0.026328
0.021192
================================================
0.021893
0.024337
0.030681
0.032709
0.032481
================================================
0.030807
0.022573
0.023289
0.021388
0.041998
================================================
0.030635
0.032507
0.022119
0.022032
0.031693
================================================
2.239278
0.023099
0.031566
0.025479
0.031682
================================================
0.024415
0.040658
0.031989
0.023556
0.038755
================================================
0.021696
0.057375
0.033375
0.019267
0.019914
================================================
0.032673
0.026071
0.024282
0.020562
0.022776
================================================
0.026646
0.024684
0.035144
0.024584
0.027487
================================================
0.024358
0.026873
0.036683
0.033922
0.024040
================================================
0.028426
0.020055
0.033462
0.024753
0.033723
================================================
0.020324
1.320871
0.024752
0.027776
0.030512
================================================
0.040995
3.916191
0.028539
0.026573
0.024482
================================================
0.036096
0.036343
0.036237
0.032985
0.038441
================================================
0.036690
0.021437
0.030519
0.022847
0.028831
================================================
0.025737
0.029923
0.029400
0.037415
0.035677
================================================
SSNP begin
0.007598
0.008959
0.006473
0.007623
0.008503
================================================
0.010807
0.010268
0.010028
0.008305
0.007953
================================================
0.009560
0.008166
0.011319
0.007875
0.009515
================================================
0.010586
0.011194
0.010359
0.010020
0.011888
================================================
0.011794
0.009919
0.007845
0.014400
0.007984
================================================
0.017523
0.013358
0.011049
0.010258
0.011742
================================================
0.016447
0.017572
0.011088
0.013608
0.013217
================================================
0.014824
0.018082
0.013159
0.011464
0.017207
================================================
0.019254
0.012156
0.013230
0.015600
0.011945
================================================
0.016907
0.015883
0.015205
0.021597
0.015124
================================================
0.015647
0.017221
0.014232
0.014390
0.021907
================================================
0.020783
0.015795
0.015321
0.015713
0.014391
================================================
0.016942
0.018733
0.017476
0.013707
0.013412
================================================
0.018237
0.015448
0.014833
0.013302
0.017667
================================================
0.017046
0.024549
0.016544
0.017534
0.013766
================================================
0.014413
0.016478
0.016670
0.017321
0.025215
================================================
0.027452
0.495273
0.014433
0.023555
0.028065
================================================
0.014461
0.014769
0.026685
0.026539
0.019974
================================================
0.017651
0.027132
0.020444
0.026917
0.019353
================================================
0.021667
0.020018
0.015311
0.021227
0.021768
================================================
0.017183
0.024641
0.016865
0.016202
0.031880
================================================
0.023509
0.028620
0.029589
0.020302
0.020029
================================================
0.017206
0.023218
0.030521
0.022783
0.031165
================================================
0.023480
0.020640
0.023290
0.024877
0.030354
================================================
0.024233
0.049018
0.034727
0.021100
0.020505
================================================
0.024719
0.031186
0.034085
0.017848
0.022815
================================================
0.030955
0.017574
0.029174
0.034541
0.019322
================================================
0.034076
0.034042
0.027513
0.038270
0.024159
================================================
0.026105
0.034986
0.025305
0.036346
0.034850
================================================
0.035501
0.034048
0.024789
0.024619
0.021211
================================================
0.024039
0.037749
0.035289
0.047562
0.034427
================================================
0.031919
0.028264
0.028163
0.028705
0.031560
================================================
0.025175
0.030514
0.039503
0.037203
0.031085
================================================
0.029993
0.028776
0.036916
0.025228
0.024625
================================================
0.030746
0.030397
0.026467
0.030002
0.036969
================================================
0.039788
0.031729
0.039421
0.040409
0.030786
================================================
0.028011
0.026481
0.037276
0.041394
0.040300
================================================
0.031274
0.023279
0.023834
0.029343
0.030627
================================================
0.033948
0.038871
0.021848
0.041396
0.042885
================================================
0.035969
0.030575
0.033278
0.033748
0.040348
================================================
0.032506
0.034923
0.030117
0.039857
0.036272
================================================
0.033843
0.036660
0.032660
0.029561
0.036059
================================================
0.044207
0.036196
0.026336
0.034518
0.043767
================================================
0.025883
0.045456
0.033296
0.038159
0.043520
================================================
0.037211
0.040382
0.039354
0.036048
0.034113
================================================
0.025873
0.031600
0.038707
0.031276
0.038411
================================================
0.033548
0.041627
0.047529
0.024038
0.047530
================================================
0.032793
0.026718
0.043933
0.040117
0.039945
================================================
0.030516
0.041221
0.038978
0.033500
0.034655
================================================
0.028753
0.041893
0.032105
0.039126
0.038614
================================================
