************  Using CILK ************
g++ -std=c++14 -fcilkplus -lcilkrts -g -O3 -DCILK  -DEDGELONG  SSNP.C -L../lib/mimalloc/out/release -lmimalloc  -o SSNP
Live-J start
enter the number for basic hop: 35000
Initial graph processing : 1.154140
time = 0.012812

enter the number for basic hop: 35000
Initial graph processing : 1.288072
time = 0.011053

enter the number for basic hop: 35000
Initial graph processing : 1.313591
time = 0.011346

enter the number for basic hop: 35000
Initial graph processing : 1.256684
time = 0.010629

enter the number for basic hop: 35000
Initial graph processing : 1.465345
time = 0.011829

----------------------------------------------
enter the number for basic hop: 70000
Initial graph processing : 1.269896
time = 0.013630

enter the number for basic hop: 70000
Initial graph processing : 1.058567
time = 0.015387

enter the number for basic hop: 70000
Initial graph processing : 1.474615
time = 0.017487

enter the number for basic hop: 70000
Initial graph processing : 1.133293
time = 0.017208

enter the number for basic hop: 70000
Initial graph processing : 1.110954
time = 0.012785

----------------------------------------------
enter the number for basic hop: 105000
Initial graph processing : 0.603176
time = 0.014714

enter the number for basic hop: 105000
Initial graph processing : 1.302882
time = 0.016124

enter the number for basic hop: 105000
Initial graph processing : 1.170079
time = 0.017567

enter the number for basic hop: 105000
Initial graph processing : 1.327785
time = 0.016716

enter the number for basic hop: 105000
Initial graph processing : 1.274292
time = 0.016985

----------------------------------------------
enter the number for basic hop: 140000
Initial graph processing : 1.402539
time = 0.017572

enter the number for basic hop: 140000
Initial graph processing : 1.342747
time = 0.017549

enter the number for basic hop: 140000
Initial graph processing : 1.343916
time = 0.022763

enter the number for basic hop: 140000
Initial graph processing : 1.045688
time = 0.019675

enter the number for basic hop: 140000
Initial graph processing : 1.310446
time = 0.017981

----------------------------------------------
enter the number for basic hop: 175000
Initial graph processing : 1.052435
time = 0.022528

enter the number for basic hop: 175000
Initial graph processing : 1.232057
time = 0.017175

enter the number for basic hop: 175000
Initial graph processing : 1.347739
time = 0.020871

enter the number for basic hop: 175000
Initial graph processing : 1.281769
time = 0.018875

enter the number for basic hop: 175000
Initial graph processing : 1.803398
time = 0.024221

----------------------------------------------
enter the number for basic hop: 210000
Initial graph processing : 0.787604
time = 0.019246

enter the number for basic hop: 210000
Initial graph processing : 0.954617
time = 0.018310

enter the number for basic hop: 210000
Initial graph processing : 1.027524
time = 0.019256

enter the number for basic hop: 210000
Initial graph processing : 1.342843
time = 0.024096

enter the number for basic hop: 210000
Initial graph processing : 1.275283
time = 0.021341

----------------------------------------------
enter the number for basic hop: 245000
Initial graph processing : 1.304883
time = 0.026053

enter the number for basic hop: 245000
Initial graph processing : 1.149870
time = 0.020973

enter the number for basic hop: 245000
Initial graph processing : 1.671739
time = 0.028906

enter the number for basic hop: 245000
Initial graph processing : 0.981245
time = 0.019554

enter the number for basic hop: 245000
Initial graph processing : 1.047976
time = 0.021096

----------------------------------------------
enter the number for basic hop: 280000
Initial graph processing : 1.169512
time = 0.024771

enter the number for basic hop: 280000
Initial graph processing : 1.171094
time = 0.024482

enter the number for basic hop: 280000
Initial graph processing : 1.219509
time = 0.023835

enter the number for basic hop: 280000
Initial graph processing : 1.205028
time = 0.023106

enter the number for basic hop: 280000
Initial graph processing : 1.076102
time = 0.022734

----------------------------------------------
enter the number for basic hop: 315000
Initial graph processing : 1.280303
time = 0.028290

enter the number for basic hop: 315000
Initial graph processing : 0.552307
time = 0.018038

enter the number for basic hop: 315000
Initial graph processing : 1.204503
time = 0.025019

enter the number for basic hop: 315000
Initial graph processing : 0.598968
time = 0.023546

enter the number for basic hop: 315000
Initial graph processing : 1.458980
time = 0.030141

----------------------------------------------
enter the number for basic hop: 350000
Initial graph processing : 0.499344
time = 0.019138

enter the number for basic hop: 350000
Initial graph processing : 1.026608
time = 0.029251

enter the number for basic hop: 350000
Initial graph processing : 1.244847
time = 0.026793

enter the number for basic hop: 350000
Initial graph processing : 1.415127
time = 0.032551

enter the number for basic hop: 350000
Initial graph processing : 1.240635
time = 0.028071

----------------------------------------------
enter the number for basic hop: 385000
Initial graph processing : 1.131726
time = 0.027166

enter the number for basic hop: 385000
Initial graph processing : 1.124893
time = 0.026938

enter the number for basic hop: 385000
Initial graph processing : 1.315999
time = 0.028327

enter the number for basic hop: 385000
Initial graph processing : 1.583869
time = 0.031747

enter the number for basic hop: 385000
Initial graph processing : 1.127393
time = 0.027873

----------------------------------------------
enter the number for basic hop: 420000
Initial graph processing : 1.192147
time = 0.029469

enter the number for basic hop: 420000
Initial graph processing : 1.274908
time = 0.028934

enter the number for basic hop: 420000
Initial graph processing : 1.274256
time = 0.028491

enter the number for basic hop: 420000
Initial graph processing : 1.066420
time = 0.027078

enter the number for basic hop: 420000
Initial graph processing : 1.153415
time = 0.031090

----------------------------------------------
enter the number for basic hop: 455000
Initial graph processing : 1.205610
time = 0.036661

enter the number for basic hop: 455000
Initial graph processing : 1.341005
time = 0.031380

enter the number for basic hop: 455000
Initial graph processing : 1.233756
time = 0.032070

enter the number for basic hop: 455000
Initial graph processing : 1.388586
time = 0.036804

enter the number for basic hop: 455000
Initial graph processing : 1.259221
time = 0.031452

----------------------------------------------
enter the number for basic hop: 490000
Initial graph processing : 1.146303
time = 0.036883

enter the number for basic hop: 490000
Initial graph processing : 1.752228
time = 0.043180

enter the number for basic hop: 490000
Initial graph processing : 0.860626
time = 0.040964

enter the number for basic hop: 490000
Initial graph processing : 1.189039
time = 0.033994

enter the number for basic hop: 490000
Initial graph processing : 1.281348
time = 0.030096

----------------------------------------------
enter the number for basic hop: 525000
Initial graph processing : 0.639092
time = 0.031199

enter the number for basic hop: 525000
Initial graph processing : 1.236196
time = 0.030527

enter the number for basic hop: 525000
Initial graph processing : 0.809747
time = 0.030204

enter the number for basic hop: 525000
Initial graph processing : 1.271259
time = 0.041250

enter the number for basic hop: 525000
Initial graph processing : 0.576557
time = 0.024424

----------------------------------------------
enter the number for basic hop: 560000
Initial graph processing : 1.190768
time = 0.035416

enter the number for basic hop: 560000
Initial graph processing : 0.544058
time = 0.024787

enter the number for basic hop: 560000
Initial graph processing : 0.514201
time = 0.021629

enter the number for basic hop: 560000
Initial graph processing : 1.095709
time = 0.043568

enter the number for basic hop: 560000
Initial graph processing : 1.307931
time = 0.036137

----------------------------------------------
enter the number for basic hop: 595000
Initial graph processing : 1.169230
time = 0.039739

enter the number for basic hop: 595000
Initial graph processing : 1.169390
time = 0.035603

enter the number for basic hop: 595000
Initial graph processing : 1.442310
time = 0.041657

enter the number for basic hop: 595000
Initial graph processing : 1.190391
time = 0.039441

enter the number for basic hop: 595000
Initial graph processing : 1.319736
time = 0.036360

----------------------------------------------
enter the number for basic hop: 630000
Initial graph processing : 1.159088
time = 0.040626

enter the number for basic hop: 630000
Initial graph processing : 0.797134
time = 0.034023

enter the number for basic hop: 630000
Initial graph processing : 1.267720
time = 0.038266

enter the number for basic hop: 630000
Initial graph processing : 0.594619
time = 0.023846

enter the number for basic hop: 630000
Initial graph processing : 1.379231
time = 0.041354

----------------------------------------------
enter the number for basic hop: 665000
Initial graph processing : 1.411477
time = 0.043197

enter the number for basic hop: 665000
Initial graph processing : 1.305636
time = 0.041517

enter the number for basic hop: 665000
Initial graph processing : 1.517156
time = 0.045031

enter the number for basic hop: 665000
Initial graph processing : 1.438612
time = 0.049772

enter the number for basic hop: 665000
Initial graph processing : 0.619270
time = 0.022933

----------------------------------------------
enter the number for basic hop: 700000
Initial graph processing : 1.070242
time = 0.041019

enter the number for basic hop: 700000
Initial graph processing : 0.476174
time = 0.023837

enter the number for basic hop: 700000
Initial graph processing : 1.098875
time = 0.033553

enter the number for basic hop: 700000
Initial graph processing : 1.172570
time = 0.042856

enter the number for basic hop: 700000
Initial graph processing : 1.095297
time = 0.041685

----------------------------------------------
enter the number for basic hop: 735000
Initial graph processing : 1.293430
time = 0.049391

enter the number for basic hop: 735000
Initial graph processing : 1.132914
time = 0.045390

enter the number for basic hop: 735000
Initial graph processing : 0.568246
time = 0.025994

enter the number for basic hop: 735000
Initial graph processing : 1.361928
time = 0.043351

enter the number for basic hop: 735000
Initial graph processing : 1.410523
time = 0.043030

----------------------------------------------
enter the number for basic hop: 770000
Initial graph processing : 1.098014
time = 0.044587

enter the number for basic hop: 770000
Initial graph processing : 0.490620
time = 0.027633

enter the number for basic hop: 770000
Initial graph processing : 0.628544
time = 0.030237

enter the number for basic hop: 770000
Initial graph processing : 1.098830
time = 0.037693

enter the number for basic hop: 770000
Initial graph processing : 1.255970
time = 0.041884

----------------------------------------------
enter the number for basic hop: 805000
Initial graph processing : 1.212989
time = 0.049265

enter the number for basic hop: 805000
Initial graph processing : 1.141014
time = 0.039528

enter the number for basic hop: 805000
Initial graph processing : 0.926640
time = 0.041745

enter the number for basic hop: 805000
Initial graph processing : 0.661744
time = 0.032029

enter the number for basic hop: 805000
Initial graph processing : 1.160062
time = 0.047177

----------------------------------------------
enter the number for basic hop: 840000
Initial graph processing : 1.302534
time = 0.047136

enter the number for basic hop: 840000
Initial graph processing : 0.844793
time = 0.038840

enter the number for basic hop: 840000
Initial graph processing : 1.212297
time = 0.054719

enter the number for basic hop: 840000
Initial graph processing : 1.850749
time = 0.058039

enter the number for basic hop: 840000
Initial graph processing : 1.355245
time = 0.051288

----------------------------------------------
enter the number for basic hop: 875000
Initial graph processing : 0.744026
time = 0.045041

enter the number for basic hop: 875000
Initial graph processing : 1.472310
time = 0.049626

enter the number for basic hop: 875000
Initial graph processing : 1.127425
time = 0.043076

enter the number for basic hop: 875000
Initial graph processing : 1.250739
time = 0.045539

enter the number for basic hop: 875000
Initial graph processing : 1.172410
time = 0.041986

----------------------------------------------
enter the number for basic hop: 910000
Initial graph processing : 0.818583
time = 0.045620

enter the number for basic hop: 910000
Initial graph processing : 1.341171
time = 0.050641

enter the number for basic hop: 910000
Initial graph processing : 1.114368
time = 0.043771

enter the number for basic hop: 910000
Initial graph processing : 0.521279
time = 0.025064

enter the number for basic hop: 910000
Initial graph processing : 1.049476
time = 0.040932

----------------------------------------------
enter the number for basic hop: 945000
Initial graph processing : 0.762612
time = 0.050486

enter the number for basic hop: 945000
Initial graph processing : 1.092180
time = 0.051079

enter the number for basic hop: 945000
Initial graph processing : 0.686562
time = 0.043462

enter the number for basic hop: 945000
Initial graph processing : 1.324237
time = 0.049360

enter the number for basic hop: 945000
Initial graph processing : 1.166096
time = 0.049137

----------------------------------------------
enter the number for basic hop: 980000
Initial graph processing : 0.529188
time = 0.026548

enter the number for basic hop: 980000
Initial graph processing : 1.225746
time = 0.046935

enter the number for basic hop: 980000
Initial graph processing : 1.204239
time = 0.053649

enter the number for basic hop: 980000
Initial graph processing : 1.522811
time = 0.060365

enter the number for basic hop: 980000
Initial graph processing : 0.621606
time = 0.034831

----------------------------------------------
enter the number for basic hop: 1015000
Initial graph processing : 1.151881
time = 0.055215

enter the number for basic hop: 1015000
Initial graph processing : 1.239699
time = 0.054933

enter the number for basic hop: 1015000
Initial graph processing : 1.252391
time = 0.045792

enter the number for basic hop: 1015000
Initial graph processing : 1.393547
time = 0.073086

enter the number for basic hop: 1015000
Initial graph processing : 1.372469
time = 0.056857

----------------------------------------------
enter the number for basic hop: 1050000
Initial graph processing : 0.516523
time = 0.026074

enter the number for basic hop: 1050000
Initial graph processing : 0.507888
time = 0.027240

enter the number for basic hop: 1050000
Initial graph processing : 1.433697
time = 0.052865

enter the number for basic hop: 1050000
Initial graph processing : 1.312480
time = 0.053746

enter the number for basic hop: 1050000
Initial graph processing : 1.264965
time = 0.046754

----------------------------------------------
enter the number for basic hop: 1085000
Initial graph processing : 1.427021
time = 0.055257

enter the number for basic hop: 1085000
Initial graph processing : 1.326868
time = 0.059507

enter the number for basic hop: 1085000
Initial graph processing : 1.259982
time = 0.065111

enter the number for basic hop: 1085000
Initial graph processing : 1.676233
time = 0.079045

enter the number for basic hop: 1085000
Initial graph processing : 1.751448
time = 0.069371

----------------------------------------------
enter the number for basic hop: 1120000
Initial graph processing : 1.246464
time = 0.055023

enter the number for basic hop: 1120000
Initial graph processing : 1.089010
time = 0.049359

enter the number for basic hop: 1120000
Initial graph processing : 1.479560
time = 0.061411

enter the number for basic hop: 1120000
Initial graph processing : 0.725066
time = 0.054191

enter the number for basic hop: 1120000
Initial graph processing : 1.131082
time = 0.055884

----------------------------------------------
enter the number for basic hop: 1155000
Initial graph processing : 1.374842
time = 0.058739

enter the number for basic hop: 1155000
Initial graph processing : 1.401518
time = 0.066572

enter the number for basic hop: 1155000
Initial graph processing : 1.460971
time = 0.070347

enter the number for basic hop: 1155000
Initial graph processing : 1.283105
time = 0.056103

enter the number for basic hop: 1155000
Initial graph processing : 1.118647
time = 0.051751

----------------------------------------------
enter the number for basic hop: 1190000
Initial graph processing : 0.635576
time = 0.045731

enter the number for basic hop: 1190000
Initial graph processing : 1.269023
time = 0.055638

enter the number for basic hop: 1190000
Initial graph processing : 1.232813
time = 0.061237

enter the number for basic hop: 1190000
Initial graph processing : 1.239679
time = 0.064825

enter the number for basic hop: 1190000
Initial graph processing : 1.197486
time = 0.060522

----------------------------------------------
enter the number for basic hop: 1225000
Initial graph processing : 1.433438
time = 0.054454

enter the number for basic hop: 1225000
Initial graph processing : 0.842883
time = 0.055476

enter the number for basic hop: 1225000
Initial graph processing : 1.127725
time = 0.053788

enter the number for basic hop: 1225000
Initial graph processing : 1.264385
time = 0.056573

enter the number for basic hop: 1225000
Initial graph processing : 1.297331
time = 0.067176

----------------------------------------------
enter the number for basic hop: 1260000
Initial graph processing : 1.204049
time = 0.058736

enter the number for basic hop: 1260000
Initial graph processing : 1.270047
time = 0.065691

enter the number for basic hop: 1260000
Initial graph processing : 1.691312
time = 0.078137

enter the number for basic hop: 1260000
Initial graph processing : 1.345249
time = 0.060950

enter the number for basic hop: 1260000
Initial graph processing : 0.791849
time = 0.056967

----------------------------------------------
enter the number for basic hop: 1295000
Initial graph processing : 1.253300
time = 0.056761

enter the number for basic hop: 1295000
Initial graph processing : 1.320195
time = 0.078403

enter the number for basic hop: 1295000
Initial graph processing : 1.437862
time = 0.060122

enter the number for basic hop: 1295000
Initial graph processing : 0.513802
time = 0.032502

enter the number for basic hop: 1295000
Initial graph processing : 1.174904
time = 0.063235

----------------------------------------------
enter the number for basic hop: 1330000
Initial graph processing : 1.437892
time = 0.060527

enter the number for basic hop: 1330000
Initial graph processing : 1.217346
time = 0.060438

enter the number for basic hop: 1330000
Initial graph processing : 1.256616
time = 0.071584

enter the number for basic hop: 1330000
Initial graph processing : 0.532623
time = 0.044388

enter the number for basic hop: 1330000
Initial graph processing : 1.396685
time = 0.064955

----------------------------------------------
enter the number for basic hop: 1365000
Initial graph processing : 1.174417
time = 0.050552

enter the number for basic hop: 1365000
Initial graph processing : 1.098000
time = 0.059526

enter the number for basic hop: 1365000
Initial graph processing : 1.138421
time = 0.058160

enter the number for basic hop: 1365000
Initial graph processing : 0.851121
time = 0.067492

enter the number for basic hop: 1365000
Initial graph processing : 1.326233
time = 0.071705

----------------------------------------------
enter the number for basic hop: 1400000
Initial graph processing : 0.643389
time = 0.053136

enter the number for basic hop: 1400000
Initial graph processing : 0.819219
time = 0.060507

enter the number for basic hop: 1400000
Initial graph processing : 1.048238
time = 0.055548

enter the number for basic hop: 1400000
Initial graph processing : 1.125392
time = 0.060412

enter the number for basic hop: 1400000
Initial graph processing : 1.193554
time = 0.061754

----------------------------------------------
enter the number for basic hop: 1435000
Initial graph processing : 1.165290
time = 0.051765

enter the number for basic hop: 1435000
Initial graph processing : 1.248541
time = 0.071191

enter the number for basic hop: 1435000
Initial graph processing : 0.938913
time = 0.076498

enter the number for basic hop: 1435000
Initial graph processing : 0.830628
time = 0.055548

enter the number for basic hop: 1435000
Initial graph processing : 1.217272
time = 0.056052

----------------------------------------------
enter the number for basic hop: 1470000
Initial graph processing : 1.412174
time = 0.053048

enter the number for basic hop: 1470000
Initial graph processing : 1.241036
time = 0.063835

enter the number for basic hop: 1470000
Initial graph processing : 1.458698
time = 0.072692

enter the number for basic hop: 1470000
Initial graph processing : 1.339228
time = 0.070519

enter the number for basic hop: 1470000
Initial graph processing : 1.036871
time = 0.057040

----------------------------------------------
enter the number for basic hop: 1505000
Initial graph processing : 1.379289
time = 0.077648

enter the number for basic hop: 1505000
Initial graph processing : 1.311140
time = 0.063205

enter the number for basic hop: 1505000
Initial graph processing : 0.832493
time = 0.067383

enter the number for basic hop: 1505000
Initial graph processing : 1.227642
time = 0.061764

enter the number for basic hop: 1505000
Initial graph processing : 1.718165
time = 0.096145

----------------------------------------------
enter the number for basic hop: 1540000
Initial graph processing : 1.234508
time = 0.089220

enter the number for basic hop: 1540000
Initial graph processing : 1.053129
time = 0.054490

enter the number for basic hop: 1540000
Initial graph processing : 1.252882
time = 0.070129

enter the number for basic hop: 1540000
Initial graph processing : 1.313673
time = 0.077672

enter the number for basic hop: 1540000
Initial graph processing : 1.217605
time = 0.073618

----------------------------------------------
enter the number for basic hop: 1575000
Initial graph processing : 0.730709
time = 0.061779

enter the number for basic hop: 1575000
Initial graph processing : 1.170107
time = 0.061545

enter the number for basic hop: 1575000
Initial graph processing : 1.180515
time = 0.069240

enter the number for basic hop: 1575000
Initial graph processing : 1.245052
time = 0.054297

enter the number for basic hop: 1575000
Initial graph processing : 0.529670
time = 0.034890

----------------------------------------------
enter the number for basic hop: 1610000
Initial graph processing : 1.217743
time = 0.073505

enter the number for basic hop: 1610000
Initial graph processing : 1.377932
time = 0.063212

enter the number for basic hop: 1610000
Initial graph processing : 1.336501
time = 0.072452

enter the number for basic hop: 1610000
Initial graph processing : 0.907709
time = 0.068227

enter the number for basic hop: 1610000
Initial graph processing : 1.539901
time = 0.098778

----------------------------------------------
enter the number for basic hop: 1645000
Initial graph processing : 0.760938
time = 0.069105

enter the number for basic hop: 1645000
Initial graph processing : 1.422344
time = 0.070521

enter the number for basic hop: 1645000
Initial graph processing : 0.498900
time = 0.037190

enter the number for basic hop: 1645000
Initial graph processing : 1.122905
time = 0.063089

enter the number for basic hop: 1645000
Initial graph processing : 1.197504
time = 0.069966

----------------------------------------------
enter the number for basic hop: 1680000
Initial graph processing : 1.384501
time = 0.064045

enter the number for basic hop: 1680000
Initial graph processing : 0.490049
time = 0.034630

enter the number for basic hop: 1680000
Initial graph processing : 1.342079
time = 0.078494

enter the number for basic hop: 1680000
Initial graph processing : 1.186818
time = 0.060993

enter the number for basic hop: 1680000
Initial graph processing : 0.531988
time = 0.051037

----------------------------------------------
enter the number for basic hop: 1715000
Initial graph processing : 1.357096
time = 0.086339

enter the number for basic hop: 1715000
Initial graph processing : 0.518722
time = 0.033800

enter the number for basic hop: 1715000
Initial graph processing : 0.621207
time = 0.038837

enter the number for basic hop: 1715000
Initial graph processing : 0.619989
time = 0.050895

enter the number for basic hop: 1715000
Initial graph processing : 0.788362
time = 0.053485

----------------------------------------------
enter the number for basic hop: 1750000
Initial graph processing : 1.169684
time = 0.064069

enter the number for basic hop: 1750000
Initial graph processing : 1.144044
time = 0.083885

enter the number for basic hop: 1750000
Initial graph processing : 1.115635
time = 0.063015

enter the number for basic hop: 1750000
Initial graph processing : 1.107307
time = 0.069385

enter the number for basic hop: 1750000
Initial graph processing : 1.247078
time = 0.083066

----------------------------------------------
Wiki start
enter the number for basic hop: 40000
Initial graph processing : 3.785923
time = 0.007363

enter the number for basic hop: 40000
Initial graph processing : 2.967881
time = 0.008713

enter the number for basic hop: 40000
Initial graph processing : 3.170014
time = 0.009022

enter the number for basic hop: 40000
Initial graph processing : 4.979528
time = 0.010183

enter the number for basic hop: 40000
Initial graph processing : 3.117751
time = 0.008497

----------------------------------------------
enter the number for basic hop: 80000
Initial graph processing : 1.758140
time = 0.010334

enter the number for basic hop: 80000
Initial graph processing : 3.620505
time = 0.009893

enter the number for basic hop: 80000
Initial graph processing : 3.770256
time = 0.009308

enter the number for basic hop: 80000
Initial graph processing : 3.008874
time = 0.012687

enter the number for basic hop: 80000
Initial graph processing : 2.733888
time = 0.010943

----------------------------------------------
enter the number for basic hop: 120000
Initial graph processing : 3.572385
time = 0.010466

enter the number for basic hop: 120000
Initial graph processing : 4.246273
time = 0.009844

enter the number for basic hop: 120000
Initial graph processing : 3.189962
time = 0.012351

enter the number for basic hop: 120000
Initial graph processing : 3.169962
time = 0.009813

enter the number for basic hop: 120000
Initial graph processing : 2.149391
time = 0.009696

----------------------------------------------
enter the number for basic hop: 160000
Initial graph processing : 4.865174
time = 0.010055

enter the number for basic hop: 160000
Initial graph processing : 1.886422
time = 0.012285

enter the number for basic hop: 160000
Initial graph processing : 2.180992
time = 0.009353

enter the number for basic hop: 160000
Initial graph processing : 4.381625
time = 0.012082

enter the number for basic hop: 160000
Initial graph processing : 2.959051
time = 0.012484

----------------------------------------------
enter the number for basic hop: 200000
Initial graph processing : 2.661228
time = 0.012999

enter the number for basic hop: 200000
Initial graph processing : 3.613604
time = 0.010750

enter the number for basic hop: 200000
Initial graph processing : 3.920870
time = 0.013663

enter the number for basic hop: 200000
Initial graph processing : 3.526121
time = 0.012318

enter the number for basic hop: 200000
Initial graph processing : 2.850700
time = 0.010633

----------------------------------------------
enter the number for basic hop: 240000
Initial graph processing : 2.041600
time = 0.009863

enter the number for basic hop: 240000
Initial graph processing : 3.967528
time = 0.012145

enter the number for basic hop: 240000
Initial graph processing : 2.286375
time = 0.010099

enter the number for basic hop: 240000
Initial graph processing : 3.859416
time = 0.011486

enter the number for basic hop: 240000
Initial graph processing : 3.808497
time = 0.012825

----------------------------------------------
enter the number for basic hop: 280000
Initial graph processing : 3.023931
time = 0.019421

enter the number for basic hop: 280000
Initial graph processing : 3.701734
time = 0.017550

enter the number for basic hop: 280000
Initial graph processing : 3.199826
time = 0.013125

enter the number for basic hop: 280000
Initial graph processing : 3.154774
time = 0.014168

enter the number for basic hop: 280000
Initial graph processing : 3.318887
time = 0.013046

----------------------------------------------
enter the number for basic hop: 320000
Initial graph processing : 3.002420
time = 0.013366

enter the number for basic hop: 320000
Initial graph processing : 6.240890
time = 0.015098

enter the number for basic hop: 320000
Initial graph processing : 3.031539
time = 0.014070

enter the number for basic hop: 320000
Initial graph processing : 3.228071
time = 0.012885

enter the number for basic hop: 320000
Initial graph processing : 2.954713
time = 0.015612

----------------------------------------------
enter the number for basic hop: 360000
Initial graph processing : 5.273420
time = 0.016347

enter the number for basic hop: 360000
Initial graph processing : 3.648714
time = 0.013554

enter the number for basic hop: 360000
Initial graph processing : 1.629632
time = 0.012907

enter the number for basic hop: 360000
Initial graph processing : 4.399963
time = 0.017722

enter the number for basic hop: 360000
Initial graph processing : 3.941158
time = 0.017878

----------------------------------------------
enter the number for basic hop: 400000
Initial graph processing : 3.573057
time = 0.015090

enter the number for basic hop: 400000
Initial graph processing : 2.895990
time = 0.018917

enter the number for basic hop: 400000
Initial graph processing : 3.384223
time = 0.017934

enter the number for basic hop: 400000
Initial graph processing : 3.407908
time = 0.017448

enter the number for basic hop: 400000
Initial graph processing : 3.840573
time = 0.017236

----------------------------------------------
enter the number for basic hop: 440000
Initial graph processing : 3.423000
time = 0.017070

enter the number for basic hop: 440000
Initial graph processing : 3.367936
time = 0.018109

enter the number for basic hop: 440000
Initial graph processing : 2.178981
time = 0.017020

enter the number for basic hop: 440000
Initial graph processing : 2.823513
time = 0.015527

enter the number for basic hop: 440000
Initial graph processing : 2.946816
time = 0.017800

----------------------------------------------
enter the number for basic hop: 480000
Initial graph processing : 2.652421
time = 0.018421

enter the number for basic hop: 480000
Initial graph processing : 2.992023
time = 0.017567

enter the number for basic hop: 480000
Initial graph processing : 1.839196
time = 0.016831

enter the number for basic hop: 480000
Initial graph processing : 2.762468
time = 0.017961

enter the number for basic hop: 480000
Initial graph processing : 2.885905
time = 0.020311

----------------------------------------------
enter the number for basic hop: 520000
Initial graph processing : 2.508116
time = 0.016687

enter the number for basic hop: 520000
Initial graph processing : 3.100637
time = 0.020727

enter the number for basic hop: 520000
Initial graph processing : 2.787246
time = 0.017272

enter the number for basic hop: 520000
Initial graph processing : 2.230062
time = 0.014404

enter the number for basic hop: 520000
Initial graph processing : 3.016606
time = 0.019413

----------------------------------------------
enter the number for basic hop: 560000
Initial graph processing : 1.842724
time = 0.015276

enter the number for basic hop: 560000
Initial graph processing : 2.634381
time = 0.019014

enter the number for basic hop: 560000
Initial graph processing : 3.635526
time = 0.019297

enter the number for basic hop: 560000
Initial graph processing : 2.338294
time = 0.018117

enter the number for basic hop: 560000
Initial graph processing : 3.800055
time = 0.018676

----------------------------------------------
enter the number for basic hop: 600000
Initial graph processing : 4.240941
time = 0.021116

enter the number for basic hop: 600000
Initial graph processing : 4.023475
time = 0.018643

enter the number for basic hop: 600000
Initial graph processing : 4.441698
time = 0.024677

enter the number for basic hop: 600000
Initial graph processing : 3.009679
time = 0.020204

enter the number for basic hop: 600000
Initial graph processing : 2.048351
time = 0.018614

----------------------------------------------
enter the number for basic hop: 640000
Initial graph processing : 2.973924
time = 0.020021

enter the number for basic hop: 640000
Initial graph processing : 3.649895
time = 0.018735

enter the number for basic hop: 640000
Initial graph processing : 3.591862
time = 0.017405

enter the number for basic hop: 640000
Initial graph processing : 2.931114
time = 0.021697

enter the number for basic hop: 640000
Initial graph processing : 5.370106
time = 0.019881

----------------------------------------------
enter the number for basic hop: 680000
Initial graph processing : 2.814694
time = 0.024218

enter the number for basic hop: 680000
Initial graph processing : 3.959303
time = 0.025039

enter the number for basic hop: 680000
Initial graph processing : 4.760990
time = 0.022762

enter the number for basic hop: 680000
Initial graph processing : 2.929514
time = 0.020292

enter the number for basic hop: 680000
Initial graph processing : 3.328755
time = 0.020935

----------------------------------------------
enter the number for basic hop: 720000
Initial graph processing : 4.102185
time = 0.023256

enter the number for basic hop: 720000
Initial graph processing : 2.967775
time = 0.022689

enter the number for basic hop: 720000
Initial graph processing : 3.881501
time = 0.021293

enter the number for basic hop: 720000
Initial graph processing : 3.213245
time = 0.021318

enter the number for basic hop: 720000
Initial graph processing : 1.619379
time = 0.017138

----------------------------------------------
enter the number for basic hop: 760000
Initial graph processing : 3.176756
time = 0.021535

enter the number for basic hop: 760000
Initial graph processing : 3.185474
time = 0.018351

enter the number for basic hop: 760000
Initial graph processing : 2.539054
time = 0.022916

enter the number for basic hop: 760000
Initial graph processing : 3.673759
time = 0.021055

enter the number for basic hop: 760000
Initial graph processing : 2.444798
time = 0.019546

----------------------------------------------
enter the number for basic hop: 800000
Initial graph processing : 3.131734
time = 0.024142

enter the number for basic hop: 800000
Initial graph processing : 3.940826
time = 0.023343

enter the number for basic hop: 800000
Initial graph processing : 3.031151
time = 0.021409

enter the number for basic hop: 800000
Initial graph processing : 2.930273
time = 0.023546

enter the number for basic hop: 800000
Initial graph processing : 3.113179
time = 0.026060

----------------------------------------------
enter the number for basic hop: 840000
Initial graph processing : 2.488449
time = 0.023852

enter the number for basic hop: 840000
Initial graph processing : 3.345759
time = 0.022623

enter the number for basic hop: 840000
Initial graph processing : 2.809146
time = 0.024131

enter the number for basic hop: 840000
Initial graph processing : 2.346134
time = 0.023096

enter the number for basic hop: 840000
Initial graph processing : 2.944780
time = 0.024795

----------------------------------------------
enter the number for basic hop: 880000
Initial graph processing : 2.742069
time = 0.021375

enter the number for basic hop: 880000
Initial graph processing : 3.018439
time = 0.024392

enter the number for basic hop: 880000
Initial graph processing : 3.666338
time = 0.023510

enter the number for basic hop: 880000
Initial graph processing : 3.570825
time = 0.024195

enter the number for basic hop: 880000
Initial graph processing : 1.883808
time = 0.022126

----------------------------------------------
enter the number for basic hop: 920000
Initial graph processing : 3.081569
time = 0.024743

enter the number for basic hop: 920000
Initial graph processing : 3.513171
time = 0.021253

enter the number for basic hop: 920000
Initial graph processing : 2.649989
time = 0.026800

enter the number for basic hop: 920000
Initial graph processing : 3.419029
time = 0.025186

enter the number for basic hop: 920000
Initial graph processing : 3.406514
time = 0.025683

----------------------------------------------
enter the number for basic hop: 960000
Initial graph processing : 3.332399
time = 0.025168

enter the number for basic hop: 960000
Initial graph processing : 1.511925
time = 0.019366

enter the number for basic hop: 960000
Initial graph processing : 3.437605
time = 0.023953

enter the number for basic hop: 960000
Initial graph processing : 2.349907
time = 0.022474

enter the number for basic hop: 960000
Initial graph processing : 3.285064
time = 0.028205

----------------------------------------------
enter the number for basic hop: 1000000
Initial graph processing : 3.033460
time = 0.025688

enter the number for basic hop: 1000000
Initial graph processing : 2.843878
time = 0.027160

enter the number for basic hop: 1000000
Initial graph processing : 2.511378
time = 0.283202

enter the number for basic hop: 1000000
Initial graph processing : 3.679879
time = 0.023215

enter the number for basic hop: 1000000
Initial graph processing : 2.755079
time = 0.027947

----------------------------------------------
enter the number for basic hop: 1040000
Initial graph processing : 2.713179
time = 0.026206

enter the number for basic hop: 1040000
Initial graph processing : 3.442911
time = 0.027910

enter the number for basic hop: 1040000
Initial graph processing : 3.341351
time = 0.036984

enter the number for basic hop: 1040000
Initial graph processing : 2.561694
time = 0.024145

enter the number for basic hop: 1040000
Initial graph processing : 2.963708
time = 0.027129

----------------------------------------------
enter the number for basic hop: 1080000
Initial graph processing : 3.314630
time = 0.026905

enter the number for basic hop: 1080000
Initial graph processing : 2.241179
time = 0.021038

enter the number for basic hop: 1080000
Initial graph processing : 3.378992
time = 0.028694

enter the number for basic hop: 1080000
Initial graph processing : 2.766903
time = 0.026437

enter the number for basic hop: 1080000
Initial graph processing : 1.356991
time = 0.019291

----------------------------------------------
enter the number for basic hop: 1120000
Initial graph processing : 3.360753
time = 0.029405

enter the number for basic hop: 1120000
Initial graph processing : 3.526671
time = 0.032597

enter the number for basic hop: 1120000
Initial graph processing : 3.682580
time = 0.026499

enter the number for basic hop: 1120000
Initial graph processing : 3.454634
time = 0.031758

enter the number for basic hop: 1120000
Initial graph processing : 2.637847
time = 0.024586

----------------------------------------------
enter the number for basic hop: 1160000
Initial graph processing : 3.178093
time = 0.028226

enter the number for basic hop: 1160000
Initial graph processing : 2.768768
time = 0.027298

enter the number for basic hop: 1160000
Initial graph processing : 3.063187
time = 0.028044

enter the number for basic hop: 1160000
Initial graph processing : 4.117013
time = 0.030889

enter the number for basic hop: 1160000
Initial graph processing : 3.073930
time = 0.029710

----------------------------------------------
enter the number for basic hop: 1200000
Initial graph processing : 3.016041
time = 0.028822

enter the number for basic hop: 1200000
Initial graph processing : 3.707442
time = 0.028244

enter the number for basic hop: 1200000
Initial graph processing : 3.601597
time = 0.029316

enter the number for basic hop: 1200000
Initial graph processing : 3.089267
time = 0.026051

enter the number for basic hop: 1200000
Initial graph processing : 2.300838
time = 0.026161

----------------------------------------------
enter the number for basic hop: 1240000
Initial graph processing : 2.997484
time = 0.029820

enter the number for basic hop: 1240000
Initial graph processing : 2.764817
time = 0.032376

enter the number for basic hop: 1240000
Initial graph processing : 2.542158
time = 0.025016

enter the number for basic hop: 1240000
Initial graph processing : 2.939892
time = 0.031539

enter the number for basic hop: 1240000
Initial graph processing : 4.023585
time = 0.029875

----------------------------------------------
enter the number for basic hop: 1280000
Initial graph processing : 4.319235
time = 0.033538

enter the number for basic hop: 1280000
Initial graph processing : 3.644638
time = 0.026721

enter the number for basic hop: 1280000
Initial graph processing : 2.749841
time = 0.036568

enter the number for basic hop: 1280000
Initial graph processing : 2.344510
time = 0.033502

enter the number for basic hop: 1280000
Initial graph processing : 3.811555
time = 0.028832

----------------------------------------------
enter the number for basic hop: 1320000
Initial graph processing : 4.620566
time = 0.038174

enter the number for basic hop: 1320000
Initial graph processing : 3.516109
time = 0.028262

enter the number for basic hop: 1320000
Initial graph processing : 1.490704
time = 0.022914

enter the number for basic hop: 1320000
Initial graph processing : 1.459663
time = 0.021895

enter the number for basic hop: 1320000
Initial graph processing : 3.483593
time = 0.030361

----------------------------------------------
enter the number for basic hop: 1360000
Initial graph processing : 3.964041
time = 0.031092

enter the number for basic hop: 1360000
Initial graph processing : 4.111784
time = 0.031084

enter the number for basic hop: 1360000
Initial graph processing : 3.910340
time = 0.030018

enter the number for basic hop: 1360000
Initial graph processing : 3.257707
time = 0.027203

enter the number for basic hop: 1360000
Initial graph processing : 3.263553
time = 0.033782

----------------------------------------------
enter the number for basic hop: 1400000
Initial graph processing : 3.438032
time = 0.031294

enter the number for basic hop: 1400000
Initial graph processing : 3.149417
time = 0.032255

enter the number for basic hop: 1400000
Initial graph processing : 3.266867
time = 0.031951

enter the number for basic hop: 1400000
Initial graph processing : 5.810560
time = 0.031720

enter the number for basic hop: 1400000
Initial graph processing : 4.456940
time = 0.030658

----------------------------------------------
enter the number for basic hop: 1440000
Initial graph processing : 3.522447
time = 0.033027

enter the number for basic hop: 1440000
Initial graph processing : 3.264190
time = 0.039400

enter the number for basic hop: 1440000
Initial graph processing : 3.285346
time = 0.032703

enter the number for basic hop: 1440000
Initial graph processing : 3.498469
time = 0.032718

enter the number for basic hop: 1440000
Initial graph processing : 4.235102
time = 0.036121

----------------------------------------------
enter the number for basic hop: 1480000
Initial graph processing : 4.093718
time = 0.034615

enter the number for basic hop: 1480000
Initial graph processing : 3.981355
time = 0.029530

enter the number for basic hop: 1480000
Initial graph processing : 2.731946
time = 0.034740

enter the number for basic hop: 1480000
Initial graph processing : 2.657620
time = 0.032943

enter the number for basic hop: 1480000
Initial graph processing : 2.439820
time = 0.034961

----------------------------------------------
enter the number for basic hop: 1520000
Initial graph processing : 1.550610
time = 0.023590

enter the number for basic hop: 1520000
Initial graph processing : 2.412522
time = 0.030800

enter the number for basic hop: 1520000
Initial graph processing : 4.027497
time = 0.034601

enter the number for basic hop: 1520000
Initial graph processing : 1.691649
time = 0.026910

enter the number for basic hop: 1520000
Initial graph processing : 3.365155
time = 0.029804

----------------------------------------------
enter the number for basic hop: 1560000
Initial graph processing : 2.169963
time = 0.040111

enter the number for basic hop: 1560000
Initial graph processing : 3.041817
time = 0.031370

enter the number for basic hop: 1560000
Initial graph processing : 4.049745
time = 0.035740

enter the number for basic hop: 1560000
Initial graph processing : 3.536299
time = 0.029949

enter the number for basic hop: 1560000
Initial graph processing : 1.781031
time = 0.028295

----------------------------------------------
enter the number for basic hop: 1600000
Initial graph processing : 2.258111
time = 0.032011

enter the number for basic hop: 1600000
Initial graph processing : 3.453207
time = 0.031940

enter the number for basic hop: 1600000
Initial graph processing : 1.622214
time = 0.045600

enter the number for basic hop: 1600000
Initial graph processing : 2.849690
time = 0.037888

enter the number for basic hop: 1600000
Initial graph processing : 1.753151
time = 0.027206

----------------------------------------------
enter the number for basic hop: 1640000
Initial graph processing : 6.218133
time = 0.033181

enter the number for basic hop: 1640000
Initial graph processing : 3.972728
time = 0.031532

enter the number for basic hop: 1640000
Initial graph processing : 2.988272
time = 0.037365

enter the number for basic hop: 1640000
Initial graph processing : 4.787145
time = 0.037081

enter the number for basic hop: 1640000
Initial graph processing : 5.055981
time = 0.048028

----------------------------------------------
enter the number for basic hop: 1680000
Initial graph processing : 3.528889
time = 0.041815

enter the number for basic hop: 1680000
Initial graph processing : 3.813736
time = 0.039708

enter the number for basic hop: 1680000
Initial graph processing : 2.835043
time = 0.036930

enter the number for basic hop: 1680000
Initial graph processing : 2.761605
time = 0.029770

enter the number for basic hop: 1680000
Initial graph processing : 3.606971
time = 0.038133

----------------------------------------------
enter the number for basic hop: 1720000
Initial graph processing : 3.795978
time = 0.032971

enter the number for basic hop: 1720000
Initial graph processing : 4.122543
time = 0.038081

enter the number for basic hop: 1720000
Initial graph processing : 4.002266
time = 0.038699

enter the number for basic hop: 1720000
Initial graph processing : 3.295943
time = 0.041005

enter the number for basic hop: 1720000
Initial graph processing : 3.668435
time = 0.043690

----------------------------------------------
enter the number for basic hop: 1760000
Initial graph processing : 3.993573
time = 0.034161

enter the number for basic hop: 1760000
Initial graph processing : 1.779742
time = 0.030689

enter the number for basic hop: 1760000
Initial graph processing : 1.657418
time = 0.028866

enter the number for basic hop: 1760000
Initial graph processing : 3.752920
time = 0.043059

enter the number for basic hop: 1760000
Initial graph processing : 2.909106
time = 0.040002

----------------------------------------------
enter the number for basic hop: 1800000
Initial graph processing : 1.455374
time = 0.026587

enter the number for basic hop: 1800000
Initial graph processing : 3.633413
time = 0.038797

enter the number for basic hop: 1800000
Initial graph processing : 3.621507
time = 0.035273

enter the number for basic hop: 1800000
Initial graph processing : 3.830428
time = 0.034180

enter the number for basic hop: 1800000
Initial graph processing : 3.174132
time = 0.037136

----------------------------------------------
enter the number for basic hop: 1840000
Initial graph processing : 4.392919
time = 0.049108

enter the number for basic hop: 1840000
Initial graph processing : 3.130165
time = 0.041588

enter the number for basic hop: 1840000
Initial graph processing : 2.203300
time = 0.034031

enter the number for basic hop: 1840000
Initial graph processing : 3.294165
time = 0.033607

enter the number for basic hop: 1840000
Initial graph processing : 4.060420
time = 0.034879

----------------------------------------------
enter the number for basic hop: 1880000
Initial graph processing : 3.552353
time = 0.038523

enter the number for basic hop: 1880000
Initial graph processing : 2.670235
time = 0.037847

enter the number for basic hop: 1880000
Initial graph processing : 3.378088
time = 0.044168

enter the number for basic hop: 1880000
Initial graph processing : 3.654573
time = 0.039634

enter the number for basic hop: 1880000
Initial graph processing : 3.036273
time = 0.034543

----------------------------------------------
enter the number for basic hop: 1920000
Initial graph processing : 2.902674
time = 0.035049

enter the number for basic hop: 1920000
Initial graph processing : 1.716079
time = 0.028776

enter the number for basic hop: 1920000
Initial graph processing : 3.031843
time = 0.040881

enter the number for basic hop: 1920000
Initial graph processing : 1.741867
time = 0.030958

enter the number for basic hop: 1920000
Initial graph processing : 6.358830
time = 0.045949

----------------------------------------------
enter the number for basic hop: 1960000
Initial graph processing : 4.230598
time = 0.039020

enter the number for basic hop: 1960000
Initial graph processing : 3.274704
time = 0.037961

enter the number for basic hop: 1960000
Initial graph processing : 3.713890
time = 0.034525

enter the number for basic hop: 1960000
Initial graph processing : 3.062156
time = 0.041827

enter the number for basic hop: 1960000
Initial graph processing : 4.237588
time = 0.034451

----------------------------------------------
enter the number for basic hop: 2000000
Initial graph processing : 3.338570
time = 0.040862

enter the number for basic hop: 2000000
Initial graph processing : 2.121385
time = 0.034976

enter the number for basic hop: 2000000
Initial graph processing : 2.863742
time = 0.043461

enter the number for basic hop: 2000000
Initial graph processing : 2.867802
time = 0.043184

enter the number for basic hop: 2000000
Initial graph processing : 3.051385
time = 0.039324

----------------------------------------------
