************  Using CILK ************
g++ -std=c++14 -fcilkplus -lcilkrts -g -O3 -DCILK  -DEDGELONG  SSWP.C -L../lib/mimalloc/out/release -lmimalloc  -o SSWP
Live-J start
enter the number for basic hop: 35000
Initial graph processing : 1.211223
time = 0.009571

enter the number for basic hop: 35000
Initial graph processing : 1.071987
time = 0.013238

enter the number for basic hop: 35000
Initial graph processing : 1.257636
time = 0.010924

enter the number for basic hop: 35000
Initial graph processing : 1.162406
time = 0.013179

enter the number for basic hop: 35000
Initial graph processing : 1.428831
time = 0.015271

----------------------------------------------
enter the number for basic hop: 70000
Initial graph processing : 0.950092
time = 0.017168

enter the number for basic hop: 70000
Initial graph processing : 1.276694
time = 0.014323

enter the number for basic hop: 70000
Initial graph processing : 1.138955
time = 0.015359

enter the number for basic hop: 70000
Initial graph processing : 0.556170
time = 0.013148

enter the number for basic hop: 70000
Initial graph processing : 1.219605
time = 0.014766

----------------------------------------------
enter the number for basic hop: 105000
Initial graph processing : 1.091156
time = 0.015350

enter the number for basic hop: 105000
Initial graph processing : 1.419130
time = 0.015887

enter the number for basic hop: 105000
Initial graph processing : 1.132998
time = 0.015998

enter the number for basic hop: 105000
Initial graph processing : 1.278042
time = 0.017417

enter the number for basic hop: 105000
Initial graph processing : 1.049925
time = 0.015733

----------------------------------------------
enter the number for basic hop: 140000
Initial graph processing : 1.751358
time = 0.020214

enter the number for basic hop: 140000
Initial graph processing : 1.074682
time = 0.018810

enter the number for basic hop: 140000
Initial graph processing : 1.290954
time = 0.018834

enter the number for basic hop: 140000
Initial graph processing : 1.296890
time = 0.021143

enter the number for basic hop: 140000
Initial graph processing : 0.772789
time = 0.017891

----------------------------------------------
enter the number for basic hop: 175000
Initial graph processing : 1.299087
time = 0.019015

enter the number for basic hop: 175000
Initial graph processing : 1.224859
time = 0.018691

enter the number for basic hop: 175000
Initial graph processing : 0.835142
time = 0.020083

enter the number for basic hop: 175000
Initial graph processing : 1.174718
time = 0.018711

enter the number for basic hop: 175000
Initial graph processing : 1.279186
time = 0.020820

----------------------------------------------
enter the number for basic hop: 210000
Initial graph processing : 1.075701
time = 0.022643

enter the number for basic hop: 210000
Initial graph processing : 1.469487
time = 0.022044

enter the number for basic hop: 210000
Initial graph processing : 1.088112
time = 0.022497

enter the number for basic hop: 210000
Initial graph processing : 1.208616
time = 0.021556

enter the number for basic hop: 210000
Initial graph processing : 1.309820
time = 0.025078

----------------------------------------------
enter the number for basic hop: 245000
Initial graph processing : 1.459370
time = 0.024168

enter the number for basic hop: 245000
Initial graph processing : 1.381969
time = 0.025930

enter the number for basic hop: 245000
Initial graph processing : 0.559059
time = 0.017302

enter the number for basic hop: 245000
Initial graph processing : 1.265072
time = 0.026839

enter the number for basic hop: 245000
Initial graph processing : 1.112031
time = 0.023472

----------------------------------------------
enter the number for basic hop: 280000
Initial graph processing : 1.190461
time = 0.027088

enter the number for basic hop: 280000
Initial graph processing : 1.136225
time = 0.023190

enter the number for basic hop: 280000
Initial graph processing : 0.631983
time = 0.019442

enter the number for basic hop: 280000
Initial graph processing : 0.810992
time = 0.024458

enter the number for basic hop: 280000
Initial graph processing : 0.824844
time = 0.021860

----------------------------------------------
enter the number for basic hop: 315000
Initial graph processing : 0.539089
time = 0.017869

enter the number for basic hop: 315000
Initial graph processing : 1.381125
time = 0.025027

enter the number for basic hop: 315000
Initial graph processing : 1.419941
time = 0.027818

enter the number for basic hop: 315000
Initial graph processing : 0.764692
time = 0.028474

enter the number for basic hop: 315000
Initial graph processing : 1.245545
time = 0.028683

----------------------------------------------
enter the number for basic hop: 350000
Initial graph processing : 1.277743
time = 0.032742

enter the number for basic hop: 350000
Initial graph processing : 1.192390
time = 0.029252

enter the number for basic hop: 350000
Initial graph processing : 1.202719
time = 0.030322

enter the number for basic hop: 350000
Initial graph processing : 1.115216
time = 0.026715

enter the number for basic hop: 350000
Initial graph processing : 0.530739
time = 0.016711

----------------------------------------------
enter the number for basic hop: 385000
Initial graph processing : 0.625074
time = 0.018463

enter the number for basic hop: 385000
Initial graph processing : 1.363364
time = 0.036022

enter the number for basic hop: 385000
Initial graph processing : 1.202298
time = 0.030384

enter the number for basic hop: 385000
Initial graph processing : 1.344487
time = 0.034933

enter the number for basic hop: 385000
Initial graph processing : 0.514888
time = 0.022794

----------------------------------------------
enter the number for basic hop: 420000
Initial graph processing : 1.215734
time = 0.029178

enter the number for basic hop: 420000
Initial graph processing : 1.224012
time = 0.028094

enter the number for basic hop: 420000
Initial graph processing : 0.608511
time = 0.020473

enter the number for basic hop: 420000
Initial graph processing : 1.392238
time = 0.028629

enter the number for basic hop: 420000
Initial graph processing : 1.143726
time = 0.030725

----------------------------------------------
enter the number for basic hop: 455000
Initial graph processing : 1.257299
time = 0.031671

enter the number for basic hop: 455000
Initial graph processing : 1.017529
time = 0.033811

enter the number for basic hop: 455000
Initial graph processing : 0.500295
time = 0.018129

enter the number for basic hop: 455000
Initial graph processing : 1.121533
time = 0.036245

enter the number for basic hop: 455000
Initial graph processing : 1.464548
time = 0.050551

----------------------------------------------
enter the number for basic hop: 490000
Initial graph processing : 1.402914
time = 0.032983

enter the number for basic hop: 490000
Initial graph processing : 1.126529
time = 0.033111

enter the number for basic hop: 490000
Initial graph processing : 0.680415
time = 0.019806

enter the number for basic hop: 490000
Initial graph processing : 0.709344
time = 0.023237

enter the number for basic hop: 490000
Initial graph processing : 0.759394
time = 0.023171

----------------------------------------------
enter the number for basic hop: 525000
Initial graph processing : 1.304941
time = 0.038700

enter the number for basic hop: 525000
Initial graph processing : 1.311555
time = 0.031837

enter the number for basic hop: 525000
Initial graph processing : 0.524585
time = 0.020434

enter the number for basic hop: 525000
Initial graph processing : 1.327152
time = 0.031940

enter the number for basic hop: 525000
Initial graph processing : 1.145985
time = 0.036034

----------------------------------------------
enter the number for basic hop: 560000
Initial graph processing : 1.154914
time = 0.039029

enter the number for basic hop: 560000
Initial graph processing : 0.527431
time = 0.019519

enter the number for basic hop: 560000
Initial graph processing : 1.298651
time = 0.039253

enter the number for basic hop: 560000
Initial graph processing : 0.556217
time = 0.022797

enter the number for basic hop: 560000
Initial graph processing : 1.130098
time = 0.047675

----------------------------------------------
enter the number for basic hop: 595000
Initial graph processing : 1.218303
time = 0.045186

enter the number for basic hop: 595000
Initial graph processing : 1.357694
time = 0.036831

enter the number for basic hop: 595000
Initial graph processing : 1.379502
time = 0.037962

enter the number for basic hop: 595000
Initial graph processing : 1.091153
time = 0.041596

enter the number for basic hop: 595000
Initial graph processing : 1.155628
time = 0.037640

----------------------------------------------
enter the number for basic hop: 630000
Initial graph processing : 1.148316
time = 0.043020

enter the number for basic hop: 630000
Initial graph processing : 1.084814
time = 0.032722

enter the number for basic hop: 630000
Initial graph processing : 1.206036
time = 0.032638

enter the number for basic hop: 630000
Initial graph processing : 1.204762
time = 0.041861

enter the number for basic hop: 630000
Initial graph processing : 1.387893
time = 0.043680

----------------------------------------------
enter the number for basic hop: 665000
Initial graph processing : 1.284331
time = 0.044858

enter the number for basic hop: 665000
Initial graph processing : 1.180865
time = 0.043239

enter the number for basic hop: 665000
Initial graph processing : 0.899256
time = 0.040807

enter the number for basic hop: 665000
Initial graph processing : 1.215064
time = 0.038842

enter the number for basic hop: 665000
Initial graph processing : 1.173381
time = 0.035472

----------------------------------------------
enter the number for basic hop: 700000
Initial graph processing : 1.222117
time = 0.041560

enter the number for basic hop: 700000
Initial graph processing : 1.488454
time = 0.046351

enter the number for basic hop: 700000
Initial graph processing : 1.327879
time = 0.043071

enter the number for basic hop: 700000
Initial graph processing : 1.092728
time = 0.044013

enter the number for basic hop: 700000
Initial graph processing : 1.128811
time = 0.035484

----------------------------------------------
enter the number for basic hop: 735000
Initial graph processing : 1.355315
time = 0.057528

enter the number for basic hop: 735000
Initial graph processing : 1.295710
time = 0.044511

enter the number for basic hop: 735000
Initial graph processing : 1.352367
time = 0.054458

enter the number for basic hop: 735000
Initial graph processing : 1.023529
time = 0.039539

enter the number for basic hop: 735000
Initial graph processing : 0.991980
time = 0.045003

----------------------------------------------
enter the number for basic hop: 770000
Initial graph processing : 1.211796
time = 0.061531

enter the number for basic hop: 770000
Initial graph processing : 1.381060
time = 0.043019

enter the number for basic hop: 770000
Initial graph processing : 1.137543
time = 0.042407

enter the number for basic hop: 770000
Initial graph processing : 1.340598
time = 0.050313

enter the number for basic hop: 770000
Initial graph processing : 0.637215
time = 0.027160

----------------------------------------------
enter the number for basic hop: 805000
Initial graph processing : 1.198488
time = 0.047732

enter the number for basic hop: 805000
Initial graph processing : 1.291933
time = 0.044566

enter the number for basic hop: 805000
Initial graph processing : 0.597680
time = 0.037835

enter the number for basic hop: 805000
Initial graph processing : 1.156557
time = 0.044247

enter the number for basic hop: 805000
Initial graph processing : 0.507861
time = 0.021997

----------------------------------------------
enter the number for basic hop: 840000
Initial graph processing : 1.166317
time = 0.046066

enter the number for basic hop: 840000
Initial graph processing : 1.203193
time = 0.054331

enter the number for basic hop: 840000
Initial graph processing : 1.213005
time = 0.043726

enter the number for basic hop: 840000
Initial graph processing : 1.032422
time = 0.056154

enter the number for basic hop: 840000
Initial graph processing : 0.997573
time = 0.052024

----------------------------------------------
enter the number for basic hop: 875000
Initial graph processing : 1.617217
time = 0.068456

enter the number for basic hop: 875000
Initial graph processing : 1.335586
time = 0.061521

enter the number for basic hop: 875000
Initial graph processing : 1.367700
time = 0.055700

enter the number for basic hop: 875000
Initial graph processing : 1.285185
time = 0.051373

enter the number for basic hop: 875000
Initial graph processing : 1.058849
time = 0.044706

----------------------------------------------
enter the number for basic hop: 910000
Initial graph processing : 1.120679
time = 0.052257

enter the number for basic hop: 910000
Initial graph processing : 1.060382
time = 0.050899

enter the number for basic hop: 910000
Initial graph processing : 1.312276
time = 0.046295

enter the number for basic hop: 910000
Initial graph processing : 1.120764
time = 0.048848

enter the number for basic hop: 910000
Initial graph processing : 1.123709
time = 0.041206

----------------------------------------------
enter the number for basic hop: 945000
Initial graph processing : 0.928123
time = 0.047089

enter the number for basic hop: 945000
Initial graph processing : 0.779195
time = 0.044111

enter the number for basic hop: 945000
Initial graph processing : 1.271146
time = 0.046827

enter the number for basic hop: 945000
Initial graph processing : 1.225246
time = 0.048369

enter the number for basic hop: 945000
Initial graph processing : 1.041395
time = 0.050164

----------------------------------------------
enter the number for basic hop: 980000
Initial graph processing : 1.194698
time = 0.045040

enter the number for basic hop: 980000
Initial graph processing : 1.398243
time = 0.050528

enter the number for basic hop: 980000
Initial graph processing : 0.666922
time = 0.045679

enter the number for basic hop: 980000
Initial graph processing : 1.156464
time = 0.045185

enter the number for basic hop: 980000
Initial graph processing : 1.429243
time = 0.056280

----------------------------------------------
enter the number for basic hop: 1015000
Initial graph processing : 1.664631
time = 0.078532

enter the number for basic hop: 1015000
Initial graph processing : 1.375744
time = 0.051298

enter the number for basic hop: 1015000
Initial graph processing : 1.483226
time = 0.053903

enter the number for basic hop: 1015000
Initial graph processing : 1.361831
time = 0.057685

enter the number for basic hop: 1015000
Initial graph processing : 0.670928
time = 0.031092

----------------------------------------------
enter the number for basic hop: 1050000
Initial graph processing : 1.217719
time = 0.053747

enter the number for basic hop: 1050000
Initial graph processing : 1.184539
time = 0.053310

enter the number for basic hop: 1050000
Initial graph processing : 0.708948
time = 0.048105

enter the number for basic hop: 1050000
Initial graph processing : 1.149279
time = 0.058281

enter the number for basic hop: 1050000
Initial graph processing : 0.968626
time = 0.049953

----------------------------------------------
enter the number for basic hop: 1085000
Initial graph processing : 1.152490
time = 0.046134

enter the number for basic hop: 1085000
Initial graph processing : 1.082040
time = 0.049690

enter the number for basic hop: 1085000
Initial graph processing : 1.143035
time = 0.056750

enter the number for basic hop: 1085000
Initial graph processing : 1.048883
time = 0.060972

enter the number for basic hop: 1085000
Initial graph processing : 1.359336
time = 0.056217

----------------------------------------------
enter the number for basic hop: 1120000
Initial graph processing : 1.693976
time = 0.059818

enter the number for basic hop: 1120000
Initial graph processing : 1.331121
time = 0.056715

enter the number for basic hop: 1120000
Initial graph processing : 1.147066
time = 0.049483

enter the number for basic hop: 1120000
Initial graph processing : 0.829903
time = 0.051467

enter the number for basic hop: 1120000
Initial graph processing : 1.297256
time = 0.058965

----------------------------------------------
enter the number for basic hop: 1155000
Initial graph processing : 1.388232
time = 0.063455

enter the number for basic hop: 1155000
Initial graph processing : 0.481904
time = 0.026928

enter the number for basic hop: 1155000
Initial graph processing : 0.741310
time = 0.058265

enter the number for basic hop: 1155000
Initial graph processing : 1.136237
time = 0.060148

enter the number for basic hop: 1155000
Initial graph processing : 1.377319
time = 0.056971

----------------------------------------------
enter the number for basic hop: 1190000
Initial graph processing : 1.581860
time = 0.081956

enter the number for basic hop: 1190000
Initial graph processing : 1.262386
time = 0.067251

enter the number for basic hop: 1190000
Initial graph processing : 0.657246
time = 0.030538

enter the number for basic hop: 1190000
Initial graph processing : 1.308615
time = 0.056143

enter the number for basic hop: 1190000
Initial graph processing : 1.446157
time = 0.058425

----------------------------------------------
enter the number for basic hop: 1225000
Initial graph processing : 1.252073
time = 0.063567

enter the number for basic hop: 1225000
Initial graph processing : 1.249564
time = 0.064805

enter the number for basic hop: 1225000
Initial graph processing : 1.286969
time = 0.060248

enter the number for basic hop: 1225000
Initial graph processing : 0.605794
time = 0.031247

enter the number for basic hop: 1225000
Initial graph processing : 1.168493
time = 0.061530

----------------------------------------------
enter the number for basic hop: 1260000
Initial graph processing : 1.216168
time = 0.051614

enter the number for basic hop: 1260000
Initial graph processing : 1.437149
time = 0.084721

enter the number for basic hop: 1260000
Initial graph processing : 1.528355
time = 0.068358

enter the number for basic hop: 1260000
Initial graph processing : 1.128749
time = 0.053819

enter the number for basic hop: 1260000
Initial graph processing : 1.186823
time = 0.057303

----------------------------------------------
enter the number for basic hop: 1295000
Initial graph processing : 1.235405
time = 0.062804

enter the number for basic hop: 1295000
Initial graph processing : 1.404312
time = 0.058266

enter the number for basic hop: 1295000
Initial graph processing : 1.431041
time = 0.061131

enter the number for basic hop: 1295000
Initial graph processing : 0.648012
time = 0.032393

enter the number for basic hop: 1295000
Initial graph processing : 1.197040
time = 0.054616

----------------------------------------------
enter the number for basic hop: 1330000
Initial graph processing : 1.226785
time = 0.070936

enter the number for basic hop: 1330000
Initial graph processing : 0.481234
time = 0.047812

enter the number for basic hop: 1330000
Initial graph processing : 1.214458
time = 0.070643

enter the number for basic hop: 1330000
Initial graph processing : 1.231776
time = 0.057712

enter the number for basic hop: 1330000
Initial graph processing : 0.497906
time = 0.032536

----------------------------------------------
enter the number for basic hop: 1365000
Initial graph processing : 1.188349
time = 0.074684

enter the number for basic hop: 1365000
Initial graph processing : 1.348791
time = 0.078364

enter the number for basic hop: 1365000
Initial graph processing : 1.125370
time = 0.063901

enter the number for basic hop: 1365000
Initial graph processing : 0.696903
time = 0.046888

enter the number for basic hop: 1365000
Initial graph processing : 0.523848
time = 0.034681

----------------------------------------------
enter the number for basic hop: 1400000
Initial graph processing : 1.419207
time = 0.060768

enter the number for basic hop: 1400000
Initial graph processing : 1.089198
time = 0.064609

enter the number for basic hop: 1400000
Initial graph processing : 1.311446
time = 0.069895

enter the number for basic hop: 1400000
Initial graph processing : 0.557177
time = 0.037459

