************  Using CILK ************
make: 'BFS' is up to date.
make: 'SSSP' is up to date.
make: 'SSWP' is up to date.
make: 'SSNP' is up to date.
BFS start
0.563378
0.562990
0.494304
0.547840
0.553936
----------------------------------------------
SSSP start
0.523805
0.570099
0.561118
0.569346
0.540056
----------------------------------------------
SSWP start
0.589499
0.509132
0.562050
0.545820
0.584910
----------------------------------------------
SSNP start
0.546717
0.512226
0.602827
0.556753
0.532509
----------------------------------------------
