************  Using CILK ************
make: 'BFS' is up to date.
make: 'SSSP' is up to date.
make: 'SSWP' is up to date.
make: 'SSNP' is up to date.
BFS start
0.041321
0.040833
0.041798
0.040843
0.041549
----------------------------------------------
0.051864
0.042125
0.040981
0.041805
0.043464
----------------------------------------------
0.041500
0.044332
0.041294
0.053487
0.041320
----------------------------------------------
0.045785
0.045330
0.041886
0.042429
0.043992
----------------------------------------------
0.047039
0.051684
0.041808
0.041991
0.042630
----------------------------------------------
0.041416
0.053596
0.051995
0.045834
0.041993
----------------------------------------------
0.052148
0.053342
0.043983
0.047181
0.052163
----------------------------------------------
0.044565
0.042574
0.043464
0.052966
0.053774
----------------------------------------------
0.057961
0.042925
0.043330
0.056996
0.045450
----------------------------------------------
0.053091
0.047537
0.054107
0.058432
0.053231
----------------------------------------------
0.053510
0.058325
0.048656
0.054084
0.053077
----------------------------------------------
0.054810
0.058833
0.059725
0.054849
0.053360
----------------------------------------------
0.059931
0.059074
0.054590
0.054211
0.064737
----------------------------------------------
0.059805
0.059864
0.059691
0.053668
0.054175
----------------------------------------------
0.061848
0.060422
0.055487
0.060700
0.061017
----------------------------------------------
0.060237
0.056926
0.057742
0.056263
0.070471
----------------------------------------------
0.052515
0.057174
0.055284
0.056104
0.055705
----------------------------------------------
0.062157
0.055862
0.057375
0.066262
0.047009
----------------------------------------------
0.056971
0.057785
0.067137
0.056851
0.064819
----------------------------------------------
0.055331
0.057751
0.056330
0.057094
0.056373
----------------------------------------------
0.061949
0.057440
0.057603
0.059128
0.055700
----------------------------------------------
0.063355
0.063944
0.064709
0.062715
0.056233
----------------------------------------------
0.063034
0.063733
0.064349
0.059561
0.057852
----------------------------------------------
0.060779
0.058532
0.059865
0.059523
0.085666
----------------------------------------------
0.059415
0.059268
0.059471
0.057551
0.065459
----------------------------------------------
0.059763
0.064749
0.065158
0.063459
0.060193
----------------------------------------------
0.059120
0.070190
0.058125
0.067084
0.059519
----------------------------------------------
0.069033
0.061102
0.059558
0.065175
0.065786
----------------------------------------------
0.061432
0.059360
0.065940
0.059312
0.062091
----------------------------------------------
0.066457
0.065584
0.076840
0.087210
0.066302
----------------------------------------------
0.060709
0.060921
0.060692
0.070569
0.058446
----------------------------------------------
0.063289
0.060882
0.061548
0.061812
0.062256
----------------------------------------------
0.066993
0.073983
0.067986
0.060803
0.078173
----------------------------------------------
0.061869
0.062837
0.062293
0.063955
0.062553
----------------------------------------------
0.067857
0.063362
0.060605
0.073328
0.068876
----------------------------------------------
0.061669
0.062991
0.068800
0.068730
0.063568
----------------------------------------------
0.063634
0.068221
0.061296
0.071136
0.063572
----------------------------------------------
0.063054
0.064166
0.072831
0.073265
0.064770
----------------------------------------------
0.070783
0.063822
0.076085
0.065878
0.071088
----------------------------------------------
0.065464
0.070791
0.064989
0.063343
0.080852
----------------------------------------------
0.064803
0.073782
0.065141
0.075242
0.069970
----------------------------------------------
0.070204
0.073298
0.072974
0.070706
0.064111
----------------------------------------------
0.076133
0.081314
0.064632
0.078004
0.081735
----------------------------------------------
0.076184
0.064422
0.074044
0.064542
0.074463
----------------------------------------------
0.072333
0.075570
0.081149
0.074517
0.071408
----------------------------------------------
0.077447
0.067595
0.069260
0.076864
0.063379
----------------------------------------------
0.066399
0.072838
0.065984
0.084737
0.077616
----------------------------------------------
0.077196
0.078806
0.070389
0.084117
0.068278
----------------------------------------------
0.063901
0.083979
0.073125
0.067699
0.077963
----------------------------------------------
0.074488
0.082774
0.083847
0.081934
0.067620
----------------------------------------------
SSSP start
0.041390
0.040663
0.051061
0.041475
0.050691
----------------------------------------------
0.040985
0.041764
0.040923
0.041030
0.040934
----------------------------------------------
0.043579
0.041794
0.054045
0.041461
0.044205
----------------------------------------------
0.054114
0.045314
0.044603
0.042079
0.050703
----------------------------------------------
0.043022
0.042182
0.042400
0.042382
0.042057
----------------------------------------------
0.051380
0.053152
0.057829
0.055567
0.055741
----------------------------------------------
0.052668
0.057039
0.057377
0.046035
0.042422
----------------------------------------------
0.052827
0.051947
0.052096
0.058062
0.052768
----------------------------------------------
0.057627
0.053310
0.053172
0.053020
0.061937
----------------------------------------------
0.054102
0.052809
0.057592
0.058422
0.057959
----------------------------------------------
0.052755
0.051658
0.053657
0.052887
0.057237
----------------------------------------------
0.058444
0.068758
0.059252
0.054218
0.054143
----------------------------------------------
0.054080
0.059135
0.053147
0.058675
0.054291
----------------------------------------------
0.059934
0.054035
0.064518
0.054131
0.059036
----------------------------------------------
0.044155
0.052700
0.059370
0.062448
0.060500
----------------------------------------------
0.059493
0.060508
0.056486
0.054747
0.054332
----------------------------------------------
0.062389
0.055972
0.070532
0.053720
0.053355
----------------------------------------------
0.056232
0.056169
0.056099
0.056534
0.061502
----------------------------------------------
0.057873
0.057351
0.067160
0.057980
0.057468
----------------------------------------------
0.056411
0.080183
0.062794
0.058252
0.059025
----------------------------------------------
0.057443
0.058397
0.063651
0.056883
0.065122
----------------------------------------------
0.057520
0.067007
0.058221
0.054458
0.059501
----------------------------------------------
0.056484
0.054744
0.079374
0.069621
0.063724
----------------------------------------------
0.060117
0.058722
0.063945
0.070312
0.064479
----------------------------------------------
0.059118
0.059837
0.060141
0.067520
0.060305
----------------------------------------------
0.065541
0.055259
0.083223
0.063734
0.068509
----------------------------------------------
0.065414
0.060299
0.060376
0.057305
0.059133
----------------------------------------------
0.066244
0.076428
0.069759
0.065415
0.065107
----------------------------------------------
0.066599
0.075706
0.075125
0.060523
0.056893
----------------------------------------------
0.060614
0.063099
0.060386
0.061619
0.066820
----------------------------------------------
0.066586
0.077312
0.066555
0.070164
0.066814
----------------------------------------------
0.056666
0.062165
0.061885
0.061881
0.062202
----------------------------------------------
0.062174
0.061934
0.061640
0.058015
0.067424
----------------------------------------------
0.068366
0.062023
0.070940
0.061397
0.067349
----------------------------------------------
0.064389
0.068097
0.068133
0.067384
0.067213
----------------------------------------------
0.061767
0.057899
0.062810
0.064979
0.062566
----------------------------------------------
0.068957
0.074660
0.069068
0.073616
0.062234
----------------------------------------------
0.071638
0.073463
0.080611
0.073879
0.064248
----------------------------------------------
0.080272
0.083802
0.073735
0.069905
0.080959
----------------------------------------------
0.069316
0.068664
0.070191
0.065603
0.069913
----------------------------------------------
0.065045
0.076751
0.080082
0.070979
0.066819
----------------------------------------------
0.070888
0.064729
0.063197
0.074157
0.063269
----------------------------------------------
0.077015
0.064795
0.063696
0.061114
0.069255
----------------------------------------------
0.074522
0.068157
0.072587
0.076029
0.072698
----------------------------------------------
0.074261
0.077407
0.063325
0.066737
0.059633
----------------------------------------------
0.061843
0.067962
0.059459
0.083655
0.064320
----------------------------------------------
0.069843
0.070864
0.066907
0.082352
0.068458
----------------------------------------------
0.074456
0.065953
0.064439
0.060636
0.065517
----------------------------------------------
0.076730
0.067410
0.083573
0.068550
0.083009
----------------------------------------------
0.079078
0.093131
0.073778
0.084401
0.074421
----------------------------------------------
SSWP start
0.050905
0.041131
0.040620
0.040903
0.051607
----------------------------------------------
0.051315
0.050953
0.041288
0.051276
0.042518
----------------------------------------------
0.041745
0.040863
0.043758
0.051210
0.041072
----------------------------------------------
0.052786
0.054320
0.054494
0.042022
0.054251
----------------------------------------------
0.051401
0.045619
0.052024
0.055447
0.041921
----------------------------------------------
0.055308
0.055654
0.056665
0.055151
0.052352
----------------------------------------------
0.052058
0.052189
0.043401
0.052941
0.043210
----------------------------------------------
0.052730
0.053424
0.057230
0.046685
0.051926
----------------------------------------------
0.058730
0.058150
0.047108
0.053122
0.057718
----------------------------------------------
0.057943
0.053715
0.057452
0.067862
0.053132
----------------------------------------------
0.058233
0.054886
0.059251
0.054389
0.058791
----------------------------------------------
0.055118
0.063165
0.057774
0.055134
0.059761
----------------------------------------------
0.059659
0.053823
0.054103
0.056866
0.055177
----------------------------------------------
0.055072
0.056610
0.055025
0.070102
0.079540
----------------------------------------------
0.054361
0.059607
0.059201
0.054935
0.060706
----------------------------------------------
0.055356
0.064567
0.060602
0.065136
0.060689
----------------------------------------------
0.055464
0.057083
0.061351
0.053884
0.067708
----------------------------------------------
0.055396
0.061457
0.056539
0.061031
0.056421
----------------------------------------------
0.057817
0.071992
0.055403
0.055495
0.057995
----------------------------------------------
0.061518
0.063151
0.062803
0.062732
0.063234
----------------------------------------------
0.068715
0.057586
0.063600
0.063048
0.057053
----------------------------------------------
0.063465
0.059853
0.062635
0.054665
0.056040
----------------------------------------------
0.064488
0.074033
0.059342
0.063155
0.068362
----------------------------------------------
0.064570
0.062976
0.058397
0.075373
0.058476
----------------------------------------------
0.058742
0.058216
0.057764
0.059204
0.060955
----------------------------------------------
0.055580
0.061836
0.059106
0.071450
0.063824
----------------------------------------------
0.064610
0.065320
0.068808
0.065756
0.065905
----------------------------------------------
0.076250
0.060065
0.065735
0.075894
0.066850
----------------------------------------------
0.075076
0.061593
0.066965
0.066395
0.074813
----------------------------------------------
0.061551
0.056481
0.060623
0.067378
0.060379
----------------------------------------------
0.096802
0.060754
0.071398
0.060350
0.060804
----------------------------------------------
0.067413
0.072102
0.062375
0.058808
0.061197
----------------------------------------------
0.068571
0.072321
0.066852
0.067814
0.072292
----------------------------------------------
0.068913
0.061856
0.068135
0.078951
0.071862
----------------------------------------------
0.069876
0.064250
0.069143
0.083084
0.056764
----------------------------------------------
0.057884
0.069532
0.057440
0.064697
0.070224
----------------------------------------------
0.073618
0.069799
0.069481
0.057342
0.061800
----------------------------------------------
0.071147
0.065546
0.063239
0.066101
0.063810
----------------------------------------------
0.070325
0.080734
0.083766
0.070497
0.077165
----------------------------------------------
0.071064
0.065408
0.058207
0.071141
0.070940
----------------------------------------------
0.072368
0.061913
0.075575
0.079801
0.080880
----------------------------------------------
0.070704
0.065934
0.074670
0.074301
0.081938
----------------------------------------------
0.072801
0.072171
0.083358
0.067155
0.060528
----------------------------------------------
0.074250
0.082754
0.084875
0.071476
0.086490
----------------------------------------------
0.072726
0.084055
0.066490
0.073305
0.064050
----------------------------------------------
0.069046
0.072911
0.075718
0.067775
0.065224
----------------------------------------------
0.083755
0.085813
0.077833
0.078745
0.083187
----------------------------------------------
0.079590
0.077009
0.073716
0.074199
0.074563
----------------------------------------------
0.074093
0.077710
0.083845
0.077076
0.074980
----------------------------------------------
0.089068
0.091777
0.061823
0.084463
0.067636
----------------------------------------------
SSNP start
0.052591
0.051565
0.041846
0.041430
0.041305
----------------------------------------------
0.041191
0.050743
0.041351
0.040564
0.041901
----------------------------------------------
0.044202
0.051525
0.053807
0.054554
0.044236
----------------------------------------------
0.042179
0.052296
0.043149
0.051928
0.064310
----------------------------------------------
0.052417
0.052223
0.051587
0.055717
0.045373
----------------------------------------------
0.043276
0.055115
0.051869
0.051901
0.051796
----------------------------------------------
0.056031
0.052324
0.053745
0.058057
0.042305
----------------------------------------------
0.057803
0.052345
0.052357
0.052915
0.047116
----------------------------------------------
0.053670
0.057826
0.052378
0.057864
0.056511
----------------------------------------------
0.057820
0.054732
0.057411
0.057018
0.063071
----------------------------------------------
0.053920
0.063825
0.052930
0.058845
0.054275
----------------------------------------------
0.058812
0.059012
0.060146
0.059046
0.054575
----------------------------------------------
0.053607
0.054938
0.053586
0.055070
0.062388
----------------------------------------------
0.076162
0.053963
0.056660
0.060658
0.052912
----------------------------------------------
0.060266
0.055766
0.056837
0.061660
0.056392
----------------------------------------------
0.070672
0.061497
0.055265
0.054668
0.055350
----------------------------------------------
0.055637
0.056564
0.056457
0.066286
0.057077
----------------------------------------------
0.056899
0.057368
0.055781
0.065217
0.055535
----------------------------------------------
0.061691
0.054254
0.054331
0.055992
0.063014
----------------------------------------------
0.058682
0.054195
0.058789
0.062117
0.057402
----------------------------------------------
0.063349
0.055509
0.057592
0.063781
0.073851
----------------------------------------------
0.058536
0.063949
0.058866
0.062944
0.057473
----------------------------------------------
0.062645
0.061295
0.062602
0.063821
0.056969
----------------------------------------------
0.076509
0.057279
0.060071
0.057231
0.064776
----------------------------------------------
0.061349
0.058651
0.063907
0.065372
0.055125
----------------------------------------------
0.059144
0.059382
0.064889
0.061259
0.055066
----------------------------------------------
0.069600
0.066270
0.060605
0.054956
0.063545
----------------------------------------------
0.059125
0.069484
0.081521
0.061265
0.065231
----------------------------------------------
0.068415
0.065564
0.061089
0.058611
0.062104
----------------------------------------------
0.070505
0.056710
0.066940
0.067312
0.071707
----------------------------------------------
0.068532
0.077514
0.060554
0.071369
0.067337
----------------------------------------------
0.076775
0.071257
0.076803
0.064390
0.061034
----------------------------------------------
0.067352
0.057391
0.071702
0.068256
0.060837
----------------------------------------------
0.068111
0.062919
0.063160
0.068293
0.068665
----------------------------------------------
0.073564
0.067901
0.071655
0.057916
0.069427
----------------------------------------------
0.069821
0.072052
0.068802
0.067378
0.087410
----------------------------------------------
0.064661
0.070258
0.082092
0.075722
0.057558
----------------------------------------------
0.064136
0.065187
0.070401
0.064966
0.065698
----------------------------------------------
0.081019
0.071714
0.074634
0.070212
0.065736
----------------------------------------------
0.080951
0.071061
0.083337
0.080764
0.070423
----------------------------------------------
0.071109
0.065267
0.066754
0.071632
0.066630
----------------------------------------------
0.068553
0.080930
0.069325
0.084399
0.059054
----------------------------------------------
0.063691
0.071593
0.081272
0.074863
0.076372
----------------------------------------------
0.074875
0.065393
0.072211
0.072075
0.059930
----------------------------------------------
0.065820
0.072780
0.090953
0.075690
0.059926
----------------------------------------------
0.074151
0.059245
0.064606
0.076942
0.065018
----------------------------------------------
0.059564
0.067324
0.078467
0.070603
0.081731
----------------------------------------------
0.086041
0.068348
0.075824
0.088549
0.090023
----------------------------------------------
0.075275
0.071415
0.077514
0.098263
0.067852
----------------------------------------------
0.094822
0.077718
0.066374
0.075975
0.077501
----------------------------------------------
